<!DOCTYPE html PUBLIC "-//W3C//DTD XHTML 1.1//EN" "http://www.w3.org/TR/xhtml11/DTD/xhtml11.dtd">
<html xmlns="http://www.w3.org/1999/xhtml">
<head>
<meta http-equiv="content-type" content="text/html; charset=UTF-8"/>
<title>TestNG Report</title>
<style type="text/css">table {margin-bottom:10px;border-collapse:collapse;empty-cells:show}th,td {border:1px solid #009;padding:.25em .5em}th {vertical-align:bottom}td {vertical-align:top}table a {font-weight:bold}.stripe td {background-color: #E6EBF9}.num {text-align:right}.passedodd td {background-color: #3F3}.passedeven td {background-color: #0A0}.skippedodd td {background-color: #DDD}.skippedeven td {background-color: #CCC}.failedodd td,.attn {background-color: #F33}.failedeven td,.stripe .attn {background-color: #D00}.stacktrace {white-space:pre;font-family:monospace}.totop {font-size:85%;text-align:center;border-bottom:2px solid #000}.invisible {display:none}</style>
</head>
<body>
<table>
<tr><th>Test</th><th># Passed</th><th># Skipped</th><th># Failed</th><th>Time (ms)</th><th>Included Groups</th><th>Excluded Groups</th></tr>
<tr><th colspan="7">TotalFleetSmokeSuite</th></tr>
<tr><td><a href="#t0">TotalFleetSmokeTestCases</a></td><td class="num">79</td><td class="num">0</td><td class="num attn">26</td><td class="num">6,019,249</td><td></td><td></td></tr>
</table>
<table id='summary'><thead><tr><th>Class</th><th>Method</th><th>Start</th><th>Time (ms)</th></tr></thead><tbody><tr><th colspan="4">TotalFleetSmokeSuite</th></tr></tbody><tbody id="t0"><tr><th colspan="4">TotalFleetSmokeTestCases &#8212; failed</th></tr><tr class="failedeven"><td rowspan="26">org.cts.oneframework.cucumber.testrunners.SmokeSuiteRunner</td><td><a href="#m0">runScenario</a></td><td rowspan="26">1575625185132</td><td rowspan="26">2506103</td></tr><tr class="failedeven"><td><a href="#m1">runScenario</a></td></tr><tr class="failedeven"><td><a href="#m2">runScenario</a></td></tr><tr class="failedeven"><td><a href="#m3">runScenario</a></td></tr><tr class="failedeven"><td><a href="#m4">runScenario</a></td></tr><tr class="failedeven"><td><a href="#m5">runScenario</a></td></tr><tr class="failedeven"><td><a href="#m6">runScenario</a></td></tr><tr class="failedeven"><td><a href="#m7">runScenario</a></td></tr><tr class="failedeven"><td><a href="#m8">runScenario</a></td></tr><tr class="failedeven"><td><a href="#m9">runScenario</a></td></tr><tr class="failedeven"><td><a href="#m10">runScenario</a></td></tr><tr class="failedeven"><td><a href="#m11">runScenario</a></td></tr><tr class="failedeven"><td><a href="#m12">runScenario</a></td></tr><tr class="failedeven"><td><a href="#m13">runScenario</a></td></tr><tr class="failedeven"><td><a href="#m14">runScenario</a></td></tr><tr class="failedeven"><td><a href="#m15">runScenario</a></td></tr><tr class="failedeven"><td><a href="#m16">runScenario</a></td></tr><tr class="failedeven"><td><a href="#m17">runScenario</a></td></tr><tr class="failedeven"><td><a href="#m18">runScenario</a></td></tr><tr class="failedeven"><td><a href="#m19">runScenario</a></td></tr><tr class="failedeven"><td><a href="#m20">runScenario</a></td></tr><tr class="failedeven"><td><a href="#m21">runScenario</a></td></tr><tr class="failedeven"><td><a href="#m22">runScenario</a></td></tr><tr class="failedeven"><td><a href="#m23">runScenario</a></td></tr><tr class="failedeven"><td><a href="#m24">runScenario</a></td></tr><tr class="failedeven"><td><a href="#m25">runScenario</a></td></tr><tr><th colspan="4">TotalFleetSmokeTestCases &#8212; passed</th></tr><tr class="passedeven"><td rowspan="79">org.cts.oneframework.cucumber.testrunners.SmokeSuiteRunner</td><td><a href="#m26">runScenario</a></td><td rowspan="79">1575624380429</td><td rowspan="79">16026</td></tr><tr class="passedeven"><td><a href="#m27">runScenario</a></td></tr><tr class="passedeven"><td><a href="#m28">runScenario</a></td></tr><tr class="passedeven"><td><a href="#m29">runScenario</a></td></tr><tr class="passedeven"><td><a href="#m30">runScenario</a></td></tr><tr class="passedeven"><td><a href="#m31">runScenario</a></td></tr><tr class="passedeven"><td><a href="#m32">runScenario</a></td></tr><tr class="passedeven"><td><a href="#m33">runScenario</a></td></tr><tr class="passedeven"><td><a href="#m34">runScenario</a></td></tr><tr class="passedeven"><td><a href="#m35">runScenario</a></td></tr><tr class="passedeven"><td><a href="#m36">runScenario</a></td></tr><tr class="passedeven"><td><a href="#m37">runScenario</a></td></tr><tr class="passedeven"><td><a href="#m38">runScenario</a></td></tr><tr class="passedeven"><td><a href="#m39">runScenario</a></td></tr><tr class="passedeven"><td><a href="#m40">runScenario</a></td></tr><tr class="passedeven"><td><a href="#m41">runScenario</a></td></tr><tr class="passedeven"><td><a href="#m42">runScenario</a></td></tr><tr class="passedeven"><td><a href="#m43">runScenario</a></td></tr><tr class="passedeven"><td><a href="#m44">runScenario</a></td></tr><tr class="passedeven"><td><a href="#m45">runScenario</a></td></tr><tr class="passedeven"><td><a href="#m46">runScenario</a></td></tr><tr class="passedeven"><td><a href="#m47">runScenario</a></td></tr><tr class="passedeven"><td><a href="#m48">runScenario</a></td></tr><tr class="passedeven"><td><a href="#m49">runScenario</a></td></tr><tr class="passedeven"><td><a href="#m50">runScenario</a></td></tr><tr class="passedeven"><td><a href="#m51">runScenario</a></td></tr><tr class="passedeven"><td><a href="#m52">runScenario</a></td></tr><tr class="passedeven"><td><a href="#m53">runScenario</a></td></tr><tr class="passedeven"><td><a href="#m54">runScenario</a></td></tr><tr class="passedeven"><td><a href="#m55">runScenario</a></td></tr><tr class="passedeven"><td><a href="#m56">runScenario</a></td></tr><tr class="passedeven"><td><a href="#m57">runScenario</a></td></tr><tr class="passedeven"><td><a href="#m58">runScenario</a></td></tr><tr class="passedeven"><td><a href="#m59">runScenario</a></td></tr><tr class="passedeven"><td><a href="#m60">runScenario</a></td></tr><tr class="passedeven"><td><a href="#m61">runScenario</a></td></tr><tr class="passedeven"><td><a href="#m62">runScenario</a></td></tr><tr class="passedeven"><td><a href="#m63">runScenario</a></td></tr><tr class="passedeven"><td><a href="#m64">runScenario</a></td></tr><tr class="passedeven"><td><a href="#m65">runScenario</a></td></tr><tr class="passedeven"><td><a href="#m66">runScenario</a></td></tr><tr class="passedeven"><td><a href="#m67">runScenario</a></td></tr><tr class="passedeven"><td><a href="#m68">runScenario</a></td></tr><tr class="passedeven"><td><a href="#m69">runScenario</a></td></tr><tr class="passedeven"><td><a href="#m70">runScenario</a></td></tr><tr class="passedeven"><td><a href="#m71">runScenario</a></td></tr><tr class="passedeven"><td><a href="#m72">runScenario</a></td></tr><tr class="passedeven"><td><a href="#m73">runScenario</a></td></tr><tr class="passedeven"><td><a href="#m74">runScenario</a></td></tr><tr class="passedeven"><td><a href="#m75">runScenario</a></td></tr><tr class="passedeven"><td><a href="#m76">runScenario</a></td></tr><tr class="passedeven"><td><a href="#m77">runScenario</a></td></tr><tr class="passedeven"><td><a href="#m78">runScenario</a></td></tr><tr class="passedeven"><td><a href="#m79">runScenario</a></td></tr><tr class="passedeven"><td><a href="#m80">runScenario</a></td></tr><tr class="passedeven"><td><a href="#m81">runScenario</a></td></tr><tr class="passedeven"><td><a href="#m82">runScenario</a></td></tr><tr class="passedeven"><td><a href="#m83">runScenario</a></td></tr><tr class="passedeven"><td><a href="#m84">runScenario</a></td></tr><tr class="passedeven"><td><a href="#m85">runScenario</a></td></tr><tr class="passedeven"><td><a href="#m86">runScenario</a></td></tr><tr class="passedeven"><td><a href="#m87">runScenario</a></td></tr><tr class="passedeven"><td><a href="#m88">runScenario</a></td></tr><tr class="passedeven"><td><a href="#m89">runScenario</a></td></tr><tr class="passedeven"><td><a href="#m90">runScenario</a></td></tr><tr class="passedeven"><td><a href="#m91">runScenario</a></td></tr><tr class="passedeven"><td><a href="#m92">runScenario</a></td></tr><tr class="passedeven"><td><a href="#m93">runScenario</a></td></tr><tr class="passedeven"><td><a href="#m94">runScenario</a></td></tr><tr class="passedeven"><td><a href="#m95">runScenario</a></td></tr><tr class="passedeven"><td><a href="#m96">runScenario</a></td></tr><tr class="passedeven"><td><a href="#m97">runScenario</a></td></tr><tr class="passedeven"><td><a href="#m98">runScenario</a></td></tr><tr class="passedeven"><td><a href="#m99">runScenario</a></td></tr><tr class="passedeven"><td><a href="#m100">runScenario</a></td></tr><tr class="passedeven"><td><a href="#m101">runScenario</a></td></tr><tr class="passedeven"><td><a href="#m102">runScenario</a></td></tr><tr class="passedeven"><td><a href="#m103">runScenario</a></td></tr><tr class="passedeven"><td><a href="#m104">runScenario</a></td></tr></tbody>
</table>
<h2>TotalFleetSmokeTestCases</h2><h3 id="m0">org.cts.oneframework.cucumber.testrunners.SmokeSuiteRunner#runScenario</h3><table class="result"><tr class="param"><th>Parameter #1</th><th>Parameter #2</th></tr><tr class="param stripe"><td>&quot;TS_29_TC_37_Verify excel download in Couts Moyens Par Collaborateur in Suivi Des Couts page&quot;</td><td>&quot;Total_Fleet_SuiviDesCouts&quot;</td></tr><tr><th colspan="2">Exception</th></tr><tr><td colspan="2"><div class="stacktrace">org.openqa.selenium.TimeoutException: Expected condition failed: waiting for org.cts.oneframework.utilities.BasePageObject$1@7d44cb (tried for 200 second(s) with 1000 milliseconds interval)
	at org.openqa.selenium.support.ui.WebDriverWait.timeoutException(WebDriverWait.java:81)
	at org.openqa.selenium.support.ui.FluentWait.until(FluentWait.java:271)
	at org.cts.oneframework.utilities.BasePageObject.getElement(BasePageObject.java:115)
	at org.cts.oneframework.utilities.BasePageObject.clickElement(BasePageObject.java:587)
	at org.cts.oneframework.utilities.BasePageObject.clickElement(BasePageObject.java:578)
	at org.cts.oneframework.cucumber.pages.SuiviDesCoutsPage.click_coutsMoyensParCollaborateurTTCTab_SuiviDesCouts(SuiviDesCoutsPage.java:464)
	at org.cts.oneframework.cucumber.stepdefinition.SuiviDesCoutsStepDefs.couts_moyens_par_collaborateur_tab_clicked(SuiviDesCoutsStepDefs.java:104)
	at ✽.couts moyens par collaborateur tab is selected(src/test/resources/features/SuiviDesCouts.feature:82)
Caused by: org.openqa.selenium.NoSuchElementException: no such element: Unable to locate element: {&quot;method&quot;:&quot;xpath&quot;,&quot;selector&quot;:&quot;//*[contains(text(),&apos;Coûts moyens par collaborateur (TTC)&apos;)]&quot;}
  (Session info: chrome=75.0.3770.90)
  (Driver info: chromedriver=2.44.609538 (b655c5a60b0b544917107a59d4153d4bf78e1b90),platform=Windows NT 10.0.17763 x86_64) (WARNING: The server did not provide any stacktrace information)
Command duration or timeout: 0 milliseconds
For documentation on this error, please visit: http://seleniumhq.org/exceptions/no_such_element.html
Build info: version: &apos;3.13.0&apos;, revision: &apos;2f0d292&apos;, time: &apos;2018-06-25T15:24:21.231Z&apos;
System info: host: &apos;PC339926&apos;, ip: &apos;10.219.66.4&apos;, os.name: &apos;Windows 10&apos;, os.arch: &apos;amd64&apos;, os.version: &apos;10.0&apos;, java.version: &apos;1.8.0_181&apos;
Driver info: org.openqa.selenium.chrome.ChromeDriver
Capabilities {acceptInsecureCerts: false, acceptSslCerts: false, applicationCacheEnabled: false, browserConnectionEnabled: false, browserName: chrome, chrome: {chromedriverVersion: 2.44.609538 (b655c5a60b0b54..., userDataDir: C:\Users\593611\AppData\Loc...}, cssSelectorsEnabled: true, databaseEnabled: false, goog:chromeOptions: {debuggerAddress: localhost:64484}, handlesAlerts: true, hasTouchScreen: false, javascriptEnabled: true, locationContextEnabled: true, mobileEmulationEnabled: false, nativeEvents: true, networkConnectionEnabled: false, pageLoadStrategy: normal, platform: XP, platformName: XP, rotatable: false, setWindowRect: true, takesHeapSnapshot: true, takesScreenshot: true, unexpectedAlertBehaviour: ignore, unhandledPromptBehavior: ignore, version: 75.0.3770.90, webStorageEnabled: true}
Session ID: ff8622ea5b7ecc7f3072c5ae88a6659c
*** Element info: {Using=xpath, value=//*[contains(text(),&apos;Coûts moyens par collaborateur (TTC)&apos;)]}
	at org.openqa.selenium.remote.ErrorHandler.createThrowable(ErrorHandler.java:214)
	at org.openqa.selenium.remote.ErrorHandler.throwIfResponseFailed(ErrorHandler.java:166)
	at org.openqa.selenium.remote.http.JsonHttpResponseCodec.reconstructValue(JsonHttpResponseCodec.java:40)
	at org.openqa.selenium.remote.http.AbstractHttpResponseCodec.decode(AbstractHttpResponseCodec.java:80)
	at org.openqa.selenium.remote.http.AbstractHttpResponseCodec.decode(AbstractHttpResponseCodec.java:44)
	at org.openqa.selenium.remote.HttpCommandExecutor.execute(HttpCommandExecutor.java:158)
	at org.openqa.selenium.remote.service.DriverCommandExecutor.execute(DriverCommandExecutor.java:83)
	at org.openqa.selenium.remote.RemoteWebDriver.execute(RemoteWebDriver.java:548)
	at org.openqa.selenium.remote.RemoteWebDriver.findElement(RemoteWebDriver.java:322)
	at org.openqa.selenium.remote.RemoteWebDriver.findElementByXPath(RemoteWebDriver.java:424)
	at org.openqa.selenium.By$ByXPath.findElement(By.java:353)
	at org.openqa.selenium.remote.RemoteWebDriver.findElement(RemoteWebDriver.java:314)
	at org.cts.oneframework.utilities.BasePageObject$1.apply(BasePageObject.java:118)
	at org.cts.oneframework.utilities.BasePageObject$1.apply(BasePageObject.java:1)
	at org.openqa.selenium.support.ui.FluentWait.until(FluentWait.java:248)
	at org.cts.oneframework.utilities.BasePageObject.getElement(BasePageObject.java:115)
	at org.cts.oneframework.utilities.BasePageObject.clickElement(BasePageObject.java:587)
	at org.cts.oneframework.utilities.BasePageObject.clickElement(BasePageObject.java:578)
	at org.cts.oneframework.cucumber.pages.SuiviDesCoutsPage.click_coutsMoyensParCollaborateurTTCTab_SuiviDesCouts(SuiviDesCoutsPage.java:464)
	at org.cts.oneframework.cucumber.stepdefinition.SuiviDesCoutsStepDefs.couts_moyens_par_collaborateur_tab_clicked(SuiviDesCoutsStepDefs.java:104)
	at cucumber.runtime.Utils$1.call(Utils.java:26)
	at cucumber.runtime.Timeout.timeout(Timeout.java:16)
	at cucumber.runtime.Utils.invoke(Utils.java:20)
	at cucumber.runtime.java.JavaStepDefinition.execute(JavaStepDefinition.java:49)
	at cucumber.runner.PickleStepDefinitionMatch.runStep(PickleStepDefinitionMatch.java:50)
	at cucumber.runner.TestStep.executeStep(TestStep.java:63)
	at cucumber.runner.TestStep.run(TestStep.java:49)
	at cucumber.runner.PickleStepTestStep.run(PickleStepTestStep.java:43)
	at cucumber.runner.TestCase.run(TestCase.java:44)
	at cucumber.runner.Runner.runPickle(Runner.java:40)
	at cucumber.api.testng.TestNGCucumberRunner.runScenario(TestNGCucumberRunner.java:68)
	at org.cts.oneframework.cucumber.AbstractTestNGCucumberTest.runScenario(AbstractTestNGCucumberTest.java:39)
	at java.util.concurrent.ThreadPoolExecutor.runWorker(ThreadPoolExecutor.java:1149)
	at java.util.concurrent.ThreadPoolExecutor$Worker.run(ThreadPoolExecutor.java:624)
	at java.lang.Thread.run(Thread.java:748)
... Removed 16 stack frames</div></td></tr></table><p class="totop"><a href="#summary">back to summary</a></p>
<h3 id="m1">org.cts.oneframework.cucumber.testrunners.SmokeSuiteRunner#runScenario</h3><table class="result"><tr class="param"><th>Parameter #1</th><th>Parameter #2</th></tr><tr class="param stripe"><td>&quot;TS_13_TC_14_Navigation to Contributor Detailed Page&quot;</td><td>&quot;Total_Fleet_Collaborateurs&quot;</td></tr><tr><th colspan="2">Exception</th></tr><tr><td colspan="2"><div class="stacktrace">org.openqa.selenium.TimeoutException: Expected condition failed: waiting for visibility of element located by By.xpath: //*[contains(text(),&apos;Fiche collaborateur&apos;)] (tried for 200 second(s) with 1000 milliseconds interval)
	at org.openqa.selenium.support.ui.WebDriverWait.timeoutException(WebDriverWait.java:81)
	at org.openqa.selenium.support.ui.FluentWait.until(FluentWait.java:271)
	at org.cts.oneframework.utilities.BasePageObject.waitForElementToLoad(BasePageObject.java:745)
	at org.cts.oneframework.utilities.BasePageObject.waitForElementToLoad(BasePageObject.java:749)
	at org.cts.oneframework.cucumber.pages.CollaborateursPage.assertFicheCollaborateurTitleInDetailedPage(CollaborateursPage.java:391)
	at org.cts.oneframework.cucumber.stepdefinition.CollaborateursStepDefs.collaborateur_Detailed_Page_should_be_displayed(CollaborateursStepDefs.java:51)
	at ✽.Collaborateur Detailed Page should be displayed with selected SelectCollaborateurNomInCollListPage and other tabs(src/test/resources/features/Collaborateurs.feature:81)
Caused by: org.openqa.selenium.NoSuchElementException: Cannot locate an element using By.xpath: //*[contains(text(),&apos;Fiche collaborateur&apos;)]
For documentation on this error, please visit: http://seleniumhq.org/exceptions/no_such_element.html
Build info: version: &apos;3.13.0&apos;, revision: &apos;2f0d292&apos;, time: &apos;2018-06-25T15:24:21.231Z&apos;
System info: host: &apos;PC339926&apos;, ip: &apos;10.219.66.4&apos;, os.name: &apos;Windows 10&apos;, os.arch: &apos;amd64&apos;, os.version: &apos;10.0&apos;, java.version: &apos;1.8.0_181&apos;
Driver info: driver.version: unknown
	at org.openqa.selenium.support.ui.ExpectedConditions.lambda$findElement$0(ExpectedConditions.java:896)
	at java.util.Optional.orElseThrow(Optional.java:290)
	at org.openqa.selenium.support.ui.ExpectedConditions.findElement(ExpectedConditions.java:895)
	at org.openqa.selenium.support.ui.ExpectedConditions.access$000(ExpectedConditions.java:44)
	at org.openqa.selenium.support.ui.ExpectedConditions$7.apply(ExpectedConditions.java:206)
	at org.openqa.selenium.support.ui.ExpectedConditions$7.apply(ExpectedConditions.java:202)
	at org.openqa.selenium.support.ui.FluentWait.until(FluentWait.java:248)
	at org.cts.oneframework.utilities.BasePageObject.waitForElementToLoad(BasePageObject.java:745)
	at org.cts.oneframework.utilities.BasePageObject.waitForElementToLoad(BasePageObject.java:749)
	at org.cts.oneframework.cucumber.pages.CollaborateursPage.assertFicheCollaborateurTitleInDetailedPage(CollaborateursPage.java:391)
	at org.cts.oneframework.cucumber.stepdefinition.CollaborateursStepDefs.collaborateur_Detailed_Page_should_be_displayed(CollaborateursStepDefs.java:51)
	at cucumber.runtime.Utils$1.call(Utils.java:26)
	at cucumber.runtime.Timeout.timeout(Timeout.java:16)
	at cucumber.runtime.Utils.invoke(Utils.java:20)
	at cucumber.runtime.java.JavaStepDefinition.execute(JavaStepDefinition.java:49)
	at cucumber.runner.PickleStepDefinitionMatch.runStep(PickleStepDefinitionMatch.java:50)
	at cucumber.runner.TestStep.executeStep(TestStep.java:63)
	at cucumber.runner.TestStep.run(TestStep.java:49)
	at cucumber.runner.PickleStepTestStep.run(PickleStepTestStep.java:43)
	at cucumber.runner.TestCase.run(TestCase.java:44)
	at cucumber.runner.Runner.runPickle(Runner.java:40)
	at cucumber.api.testng.TestNGCucumberRunner.runScenario(TestNGCucumberRunner.java:68)
	at org.cts.oneframework.cucumber.AbstractTestNGCucumberTest.runScenario(AbstractTestNGCucumberTest.java:39)
	at java.util.concurrent.ThreadPoolExecutor.runWorker(ThreadPoolExecutor.java:1149)
	at java.util.concurrent.ThreadPoolExecutor$Worker.run(ThreadPoolExecutor.java:624)
	at java.lang.Thread.run(Thread.java:748)
... Removed 13 stack frames</div></td></tr></table><p class="totop"><a href="#summary">back to summary</a></p>
<h3 id="m2">org.cts.oneframework.cucumber.testrunners.SmokeSuiteRunner#runScenario</h3><table class="result"><tr class="param"><th>Parameter #1</th><th>Parameter #2</th></tr><tr class="param stripe"><td>&quot;TS_04_TC_05_Search the vehicules from Rechercher at the top of application&quot;</td><td>&quot;Total_Fleet_TousVosVehicules&quot;</td></tr><tr><th colspan="2">Exception</th></tr><tr><td colspan="2"><div class="stacktrace">org.openqa.selenium.WebDriverException: chrome not reachable
  (Session info: chrome=75.0.3770.90)
  (Driver info: chromedriver=2.44.609538 (b655c5a60b0b544917107a59d4153d4bf78e1b90),platform=Windows NT 10.0.17763 x86_64) (WARNING: The server did not provide any stacktrace information)
Command duration or timeout: 0 milliseconds
Build info: version: &apos;3.13.0&apos;, revision: &apos;2f0d292&apos;, time: &apos;2018-06-25T15:24:21.231Z&apos;
System info: host: &apos;PC339926&apos;, ip: &apos;10.219.66.4&apos;, os.name: &apos;Windows 10&apos;, os.arch: &apos;amd64&apos;, os.version: &apos;10.0&apos;, java.version: &apos;1.8.0_181&apos;
Driver info: org.openqa.selenium.chrome.ChromeDriver
Capabilities {acceptInsecureCerts: false, acceptSslCerts: false, applicationCacheEnabled: false, browserConnectionEnabled: false, browserName: chrome, chrome: {chromedriverVersion: 2.44.609538 (b655c5a60b0b54..., userDataDir: C:\Users\593611\AppData\Loc...}, cssSelectorsEnabled: true, databaseEnabled: false, goog:chromeOptions: {debuggerAddress: localhost:64917}, handlesAlerts: true, hasTouchScreen: false, javascriptEnabled: true, locationContextEnabled: true, mobileEmulationEnabled: false, nativeEvents: true, networkConnectionEnabled: false, pageLoadStrategy: normal, platform: XP, platformName: XP, rotatable: false, setWindowRect: true, takesHeapSnapshot: true, takesScreenshot: true, unexpectedAlertBehaviour: ignore, unhandledPromptBehavior: ignore, version: 75.0.3770.90, webStorageEnabled: true}
Session ID: 33196452b36c64c88b8609868ec79594
*** Element info: {Using=xpath, value=//*[@id=&apos;iconSearch&apos;]}
	at org.openqa.selenium.remote.ErrorHandler.createThrowable(ErrorHandler.java:214)
	at org.openqa.selenium.remote.ErrorHandler.throwIfResponseFailed(ErrorHandler.java:166)
	at org.openqa.selenium.remote.http.JsonHttpResponseCodec.reconstructValue(JsonHttpResponseCodec.java:40)
	at org.openqa.selenium.remote.http.AbstractHttpResponseCodec.decode(AbstractHttpResponseCodec.java:80)
	at org.openqa.selenium.remote.http.AbstractHttpResponseCodec.decode(AbstractHttpResponseCodec.java:44)
	at org.openqa.selenium.remote.HttpCommandExecutor.execute(HttpCommandExecutor.java:158)
	at org.openqa.selenium.remote.service.DriverCommandExecutor.execute(DriverCommandExecutor.java:83)
	at org.openqa.selenium.remote.RemoteWebDriver.execute(RemoteWebDriver.java:548)
	at org.openqa.selenium.remote.RemoteWebDriver.findElement(RemoteWebDriver.java:322)
	at org.openqa.selenium.remote.RemoteWebDriver.findElementByXPath(RemoteWebDriver.java:424)
	at org.openqa.selenium.By$ByXPath.findElement(By.java:353)
	at org.openqa.selenium.remote.RemoteWebDriver.findElement(RemoteWebDriver.java:314)
	at org.cts.oneframework.utilities.BasePageObject$1.apply(BasePageObject.java:118)
	at org.cts.oneframework.utilities.BasePageObject$1.apply(BasePageObject.java:1)
	at org.openqa.selenium.support.ui.FluentWait.until(FluentWait.java:248)
	at org.cts.oneframework.utilities.BasePageObject.getElement(BasePageObject.java:115)
	at org.cts.oneframework.utilities.BasePageObject.clickElement(BasePageObject.java:587)
	at org.cts.oneframework.utilities.BasePageObject.clickElement(BasePageObject.java:578)
	at org.cts.oneframework.cucumber.pages.TousVosVehiculesPage.click_dropdown_Rechercher(TousVosVehiculesPage.java:1425)
	at org.cts.oneframework.cucumber.stepdefinition.TousVosVehiculesStepDefs.user_select_the_vehicule_option_from_Rechercher_drop_down(TousVosVehiculesStepDefs.java:336)
	at ✽.user select the vehicule option from Rechercher drop down(src/test/resources/features/TousVosVehicules.feature:67)
... Removed 4 stack frames</div></td></tr></table><p class="totop"><a href="#summary">back to summary</a></p>
<h3 id="m3">org.cts.oneframework.cucumber.testrunners.SmokeSuiteRunner#runScenario</h3><table class="result"><tr class="param"><th>Parameter #1</th><th>Parameter #2</th></tr><tr class="param stripe"><td>&quot;TS_09_TC_10_Create a contrat for the vehicule from the detailed page&quot;</td><td>&quot;Total_Fleet_TousVosVehicules&quot;</td></tr><tr><th colspan="2">Exception</th></tr><tr><td colspan="2"><div class="stacktrace">org.openqa.selenium.WebDriverException: unknown error: Element &lt;a class=&quot; accueil active&quot; aria-labelledby=&quot;layout_3&quot; href=&quot;https://fleetonline.pprod.uap.total.com/private/guest/home&quot; role=&quot;menuitem&quot;&gt;...&lt;/a&gt; is not clickable at point (110, 108). Other element would receive the click: &lt;div class=&quot;ui-widget-overlay ui-front&quot; style=&quot;z-index: 10001;&quot;&gt;&lt;/div&gt;
  (Session info: chrome=75.0.3770.90)
  (Driver info: chromedriver=2.44.609538 (b655c5a60b0b544917107a59d4153d4bf78e1b90),platform=Windows NT 10.0.17763 x86_64) (WARNING: The server did not provide any stacktrace information)
Command duration or timeout: 0 milliseconds
Build info: version: &apos;3.13.0&apos;, revision: &apos;2f0d292&apos;, time: &apos;2018-06-25T15:24:21.231Z&apos;
System info: host: &apos;PC339926&apos;, ip: &apos;10.219.66.4&apos;, os.name: &apos;Windows 10&apos;, os.arch: &apos;amd64&apos;, os.version: &apos;10.0&apos;, java.version: &apos;1.8.0_181&apos;
Driver info: org.openqa.selenium.chrome.ChromeDriver
Capabilities {acceptInsecureCerts: false, acceptSslCerts: false, applicationCacheEnabled: false, browserConnectionEnabled: false, browserName: chrome, chrome: {chromedriverVersion: 2.44.609538 (b655c5a60b0b54..., userDataDir: C:\Users\593611\AppData\Loc...}, cssSelectorsEnabled: true, databaseEnabled: false, goog:chromeOptions: {debuggerAddress: localhost:65130}, handlesAlerts: true, hasTouchScreen: false, javascriptEnabled: true, locationContextEnabled: true, mobileEmulationEnabled: false, nativeEvents: true, networkConnectionEnabled: false, pageLoadStrategy: normal, platform: XP, platformName: XP, rotatable: false, setWindowRect: true, takesHeapSnapshot: true, takesScreenshot: true, unexpectedAlertBehaviour: ignore, unhandledPromptBehavior: ignore, version: 75.0.3770.90, webStorageEnabled: true}
Session ID: fc1162356c7d5df29982374a6a2df139
	at org.openqa.selenium.remote.ErrorHandler.createThrowable(ErrorHandler.java:214)
	at org.openqa.selenium.remote.ErrorHandler.throwIfResponseFailed(ErrorHandler.java:166)
	at org.openqa.selenium.remote.http.JsonHttpResponseCodec.reconstructValue(JsonHttpResponseCodec.java:40)
	at org.openqa.selenium.remote.http.AbstractHttpResponseCodec.decode(AbstractHttpResponseCodec.java:80)
	at org.openqa.selenium.remote.http.AbstractHttpResponseCodec.decode(AbstractHttpResponseCodec.java:44)
	at org.openqa.selenium.remote.HttpCommandExecutor.execute(HttpCommandExecutor.java:158)
	at org.openqa.selenium.remote.service.DriverCommandExecutor.execute(DriverCommandExecutor.java:83)
	at org.openqa.selenium.remote.RemoteWebDriver.execute(RemoteWebDriver.java:548)
	at org.openqa.selenium.remote.RemoteWebElement.execute(RemoteWebElement.java:276)
	at org.openqa.selenium.remote.RemoteWebElement.click(RemoteWebElement.java:83)
	at org.cts.oneframework.utilities.BasePageObject.clickElement(BasePageObject.java:587)
	at org.cts.oneframework.utilities.BasePageObject.clickElement(BasePageObject.java:578)
	at org.cts.oneframework.cucumber.pages.CommonPage.clickAccueilLinkInLeftPane(CommonPage.java:101)
	at org.cts.oneframework.cucumber.stepdefinition.CommonStepDefs.user_clicks_on_Accueil_in_left_pane_total_home_page_should_be_displayed(CommonStepDefs.java:54)
	at ✽.user clicks on Accueil in left pane total home page should be displayed(src/test/resources/features/TousVosVehicules.feature:171)
... Removed 4 stack frames</div></td></tr></table><p class="totop"><a href="#summary">back to summary</a></p>
<h3 id="m4">org.cts.oneframework.cucumber.testrunners.SmokeSuiteRunner#runScenario</h3><table class="result"><tr class="param"><th>Parameter #1</th><th>Parameter #2</th></tr><tr class="param stripe"><td>&quot;TS_24_TC_25_Verification of excel file download from Suivi D Integration Des Factures&quot;</td><td>&quot;Total_Fleet_Factures&quot;</td></tr><tr><th colspan="2">Exception</th></tr><tr><td colspan="2"><div class="stacktrace">java.lang.AssertionError: null
	at org.cts.oneframework.utilities.AssertionLibrary.fail(AssertionLibrary.java:298)
	at org.cts.oneframework.utilities.BasePageObject.readCSVHeader(BasePageObject.java:908)
	at org.cts.oneframework.cucumber.pages.FacturesPage.readCSVOfFichier(FacturesPage.java:343)
	at org.cts.oneframework.cucumber.stepdefinition.FacturesStepDefs.read_the_excel(FacturesStepDefs.java:117)
	at ✽.read the excel as Excel_ToBeCopiedIn_Suivi_D_Int_Des_Factues and check if excel contains Header_Title_In_FichierExcel_In_Suivi_D_Int_Des_Factures_Page(src/test/resources/features/Factures.feature:93)
... Removed 2 stack frames</div></td></tr></table><p class="totop"><a href="#summary">back to summary</a></p>
<h3 id="m5">org.cts.oneframework.cucumber.testrunners.SmokeSuiteRunner#runScenario</h3><table class="result"><tr class="param"><th>Parameter #1</th><th>Parameter #2</th></tr><tr class="param stripe"><td>&quot;TS_37_TC_48_To select un vehicule existant tab in contributor detailed page for aen setup&quot;</td><td>&quot;Total_Fleet_TousVosVehicules&quot;</td></tr><tr><th colspan="2">Exception</th></tr><tr><td colspan="2"><div class="stacktrace">org.openqa.selenium.WebDriverException: unknown error: Element &lt;a class=&quot; accueil active&quot; aria-labelledby=&quot;layout_3&quot; href=&quot;https://fleetonline.pprod.uap.total.com/private/guest/home&quot; role=&quot;menuitem&quot;&gt;...&lt;/a&gt; is not clickable at point (110, 108). Other element would receive the click: &lt;div class=&quot;ui-widget-overlay ui-front&quot; style=&quot;z-index: 10001;&quot;&gt;&lt;/div&gt;
  (Session info: chrome=75.0.3770.90)
  (Driver info: chromedriver=2.44.609538 (b655c5a60b0b544917107a59d4153d4bf78e1b90),platform=Windows NT 10.0.17763 x86_64) (WARNING: The server did not provide any stacktrace information)
Command duration or timeout: 0 milliseconds
Build info: version: &apos;3.13.0&apos;, revision: &apos;2f0d292&apos;, time: &apos;2018-06-25T15:24:21.231Z&apos;
System info: host: &apos;PC339926&apos;, ip: &apos;10.219.66.4&apos;, os.name: &apos;Windows 10&apos;, os.arch: &apos;amd64&apos;, os.version: &apos;10.0&apos;, java.version: &apos;1.8.0_181&apos;
Driver info: org.openqa.selenium.chrome.ChromeDriver
Capabilities {acceptInsecureCerts: false, acceptSslCerts: false, applicationCacheEnabled: false, browserConnectionEnabled: false, browserName: chrome, chrome: {chromedriverVersion: 2.44.609538 (b655c5a60b0b54..., userDataDir: C:\Users\593611\AppData\Loc...}, cssSelectorsEnabled: true, databaseEnabled: false, goog:chromeOptions: {debuggerAddress: localhost:65237}, handlesAlerts: true, hasTouchScreen: false, javascriptEnabled: true, locationContextEnabled: true, mobileEmulationEnabled: false, nativeEvents: true, networkConnectionEnabled: false, pageLoadStrategy: normal, platform: XP, platformName: XP, rotatable: false, setWindowRect: true, takesHeapSnapshot: true, takesScreenshot: true, unexpectedAlertBehaviour: ignore, unhandledPromptBehavior: ignore, version: 75.0.3770.90, webStorageEnabled: true}
Session ID: e423218907a1876552f1f0cf85b427b0
	at org.openqa.selenium.remote.ErrorHandler.createThrowable(ErrorHandler.java:214)
	at org.openqa.selenium.remote.ErrorHandler.throwIfResponseFailed(ErrorHandler.java:166)
	at org.openqa.selenium.remote.http.JsonHttpResponseCodec.reconstructValue(JsonHttpResponseCodec.java:40)
	at org.openqa.selenium.remote.http.AbstractHttpResponseCodec.decode(AbstractHttpResponseCodec.java:80)
	at org.openqa.selenium.remote.http.AbstractHttpResponseCodec.decode(AbstractHttpResponseCodec.java:44)
	at org.openqa.selenium.remote.HttpCommandExecutor.execute(HttpCommandExecutor.java:158)
	at org.openqa.selenium.remote.service.DriverCommandExecutor.execute(DriverCommandExecutor.java:83)
	at org.openqa.selenium.remote.RemoteWebDriver.execute(RemoteWebDriver.java:548)
	at org.openqa.selenium.remote.RemoteWebElement.execute(RemoteWebElement.java:276)
	at org.openqa.selenium.remote.RemoteWebElement.click(RemoteWebElement.java:83)
	at org.cts.oneframework.utilities.BasePageObject.clickElement(BasePageObject.java:587)
	at org.cts.oneframework.utilities.BasePageObject.clickElement(BasePageObject.java:578)
	at org.cts.oneframework.cucumber.pages.CommonPage.clickAccueilLinkInLeftPane(CommonPage.java:101)
	at org.cts.oneframework.cucumber.stepdefinition.CommonStepDefs.user_clicks_on_Accueil_in_left_pane_total_home_page_should_be_displayed(CommonStepDefs.java:54)
	at ✽.user clicks on Accueil in left pane total home page should be displayed(src/test/resources/features/TousVosVehicules.feature:245)
... Removed 4 stack frames</div></td></tr></table><p class="totop"><a href="#summary">back to summary</a></p>
<h3 id="m6">org.cts.oneframework.cucumber.testrunners.SmokeSuiteRunner#runScenario</h3><table class="result"><tr class="param"><th>Parameter #1</th><th>Parameter #2</th></tr><tr class="param stripe"><td>&quot;TS_20_TC_21_Verification of Creation De Support page display for Badge&quot;</td><td>&quot;Total_Fleet_CartesAndBadges&quot;</td></tr><tr><th colspan="2">Exception</th></tr><tr><td colspan="2"><div class="stacktrace">org.openqa.selenium.TimeoutException: Expected condition failed: waiting for visibility of element located by By.xpath: //table[@class=&apos;table_contenu&apos;]//*[contains(text(),&apos;CREATION DE SUPPORT&apos;)] (tried for 200 second(s) with 1000 milliseconds interval)
	at org.openqa.selenium.support.ui.WebDriverWait.timeoutException(WebDriverWait.java:81)
	at org.openqa.selenium.support.ui.FluentWait.until(FluentWait.java:271)
	at org.cts.oneframework.utilities.BasePageObject.waitForElementToLoad(BasePageObject.java:745)
	at org.cts.oneframework.utilities.BasePageObject.waitForElementToLoad(BasePageObject.java:749)
	at org.cts.oneframework.cucumber.pages.CartesAndBadgesPage.assertCreationDeSupportTitleAndFieldsInNouvelleCartesPage(CartesAndBadgesPage.java:1136)
	at org.cts.oneframework.cucumber.stepdefinition.CartesAndBadgesStepDefs.creation_de_support_page_should_be_displayed_with_relevant_fields(CartesAndBadgesStepDefs.java:217)
	at ✽.creation de support page should be displayed with relevant fields(src/test/resources/features/CartesAndBadges.feature:198)
Caused by: org.openqa.selenium.NoSuchElementException: Cannot locate an element using By.xpath: //table[@class=&apos;table_contenu&apos;]//*[contains(text(),&apos;CREATION DE SUPPORT&apos;)]
For documentation on this error, please visit: http://seleniumhq.org/exceptions/no_such_element.html
Build info: version: &apos;3.13.0&apos;, revision: &apos;2f0d292&apos;, time: &apos;2018-06-25T15:24:21.231Z&apos;
System info: host: &apos;PC339926&apos;, ip: &apos;10.219.66.4&apos;, os.name: &apos;Windows 10&apos;, os.arch: &apos;amd64&apos;, os.version: &apos;10.0&apos;, java.version: &apos;1.8.0_181&apos;
Driver info: driver.version: unknown
	at org.openqa.selenium.support.ui.ExpectedConditions.lambda$findElement$0(ExpectedConditions.java:896)
	at java.util.Optional.orElseThrow(Optional.java:290)
	at org.openqa.selenium.support.ui.ExpectedConditions.findElement(ExpectedConditions.java:895)
	at org.openqa.selenium.support.ui.ExpectedConditions.access$000(ExpectedConditions.java:44)
	at org.openqa.selenium.support.ui.ExpectedConditions$7.apply(ExpectedConditions.java:206)
	at org.openqa.selenium.support.ui.ExpectedConditions$7.apply(ExpectedConditions.java:202)
	at org.openqa.selenium.support.ui.FluentWait.until(FluentWait.java:248)
	at org.cts.oneframework.utilities.BasePageObject.waitForElementToLoad(BasePageObject.java:745)
	at org.cts.oneframework.utilities.BasePageObject.waitForElementToLoad(BasePageObject.java:749)
	at org.cts.oneframework.cucumber.pages.CartesAndBadgesPage.assertCreationDeSupportTitleAndFieldsInNouvelleCartesPage(CartesAndBadgesPage.java:1136)
	at org.cts.oneframework.cucumber.stepdefinition.CartesAndBadgesStepDefs.creation_de_support_page_should_be_displayed_with_relevant_fields(CartesAndBadgesStepDefs.java:217)
	at cucumber.runtime.Utils$1.call(Utils.java:26)
	at cucumber.runtime.Timeout.timeout(Timeout.java:16)
	at cucumber.runtime.Utils.invoke(Utils.java:20)
	at cucumber.runtime.java.JavaStepDefinition.execute(JavaStepDefinition.java:49)
	at cucumber.runner.PickleStepDefinitionMatch.runStep(PickleStepDefinitionMatch.java:50)
	at cucumber.runner.TestStep.executeStep(TestStep.java:63)
	at cucumber.runner.TestStep.run(TestStep.java:49)
	at cucumber.runner.PickleStepTestStep.run(PickleStepTestStep.java:43)
	at cucumber.runner.TestCase.run(TestCase.java:44)
	at cucumber.runner.Runner.runPickle(Runner.java:40)
	at cucumber.api.testng.TestNGCucumberRunner.runScenario(TestNGCucumberRunner.java:68)
	at org.cts.oneframework.cucumber.AbstractTestNGCucumberTest.runScenario(AbstractTestNGCucumberTest.java:39)
	at java.util.concurrent.ThreadPoolExecutor.runWorker(ThreadPoolExecutor.java:1149)
	at java.util.concurrent.ThreadPoolExecutor$Worker.run(ThreadPoolExecutor.java:624)
	at java.lang.Thread.run(Thread.java:748)
... Removed 13 stack frames</div></td></tr></table><p class="totop"><a href="#summary">back to summary</a></p>
<h3 id="m7">org.cts.oneframework.cucumber.testrunners.SmokeSuiteRunner#runScenario</h3><table class="result"><tr class="param"><th>Parameter #1</th><th>Parameter #2</th></tr><tr class="param stripe"><td>&quot;TS_27_TC_28_Creation of Campagnes with Annuler Flow&quot;</td><td>&quot;Total_Fleet_Campagnes&quot;</td></tr><tr><th colspan="2">Exception</th></tr><tr><td colspan="2"><div class="stacktrace">java.lang.AssertionError: Nouvelle Campagnes Page is displayed
	at org.cts.oneframework.utilities.AssertionLibrary.fail(AssertionLibrary.java:294)
	at org.cts.oneframework.cucumber.pages.CampagnesPage.assertNouvelleCampagnesPageIsDisplayed(CampagnesPage.java:488)
	at org.cts.oneframework.cucumber.stepdefinition.CampagnesStepDefs.nouvelle_campagne_page_should_be_displayed_and_user_inputs_fields_and_clicks_on_annuler_button(CampagnesStepDefs.java:39)
	at ✽.nouvelle campagne page should be displayed and user inputs Nom_De_La_Campagne_In_Nouvelle_Campagne_Page and clicks on annuler button to view campgnes list page(src/test/resources/features/Campagnes.feature:50)
... Removed 1 stack frames</div></td></tr></table><p class="totop"><a href="#summary">back to summary</a></p>
<h3 id="m8">org.cts.oneframework.cucumber.testrunners.SmokeSuiteRunner#runScenario</h3><table class="result"><tr class="param"><th>Parameter #1</th><th>Parameter #2</th></tr><tr class="param stripe"><td>&quot;TS_01_TC_01_Login With Valid Credentials&quot;</td><td>&quot;Total_Fleet_Rapports&quot;</td></tr><tr><th colspan="2">Exception</th></tr><tr><td colspan="2"><div class="stacktrace">org.openqa.selenium.TimeoutException: Expected condition failed: waiting for org.cts.oneframework.utilities.BasePageObject$1@61397b90 (tried for 200 second(s) with 1000 milliseconds interval)
	at org.openqa.selenium.support.ui.WebDriverWait.timeoutException(WebDriverWait.java:81)
	at org.openqa.selenium.support.ui.FluentWait.until(FluentWait.java:271)
	at org.cts.oneframework.utilities.BasePageObject.getElement(BasePageObject.java:115)
	at org.cts.oneframework.utilities.BasePageObject.setInputValue(BasePageObject.java:326)
	at org.cts.oneframework.utilities.BasePageObject.setInputValue(BasePageObject.java:315)
	at org.cts.oneframework.cucumber.pages.CommonPage.setEmail(CommonPage.java:52)
	at org.cts.oneframework.cucumber.stepdefinition.CommonStepDefs.user_inputs_login_credentials_and_click_se_connecter(CommonStepDefs.java:37)
	at ✽.user inputs Email and Motdepasse and clicks on Se_Connecter button(src/test/resources/features/Rapports.feature:100)
Caused by: org.openqa.selenium.NoSuchElementException: no such element: Unable to locate element: {&quot;method&quot;:&quot;xpath&quot;,&quot;selector&quot;:&quot;//section[@id=&apos;container&apos;]//input[@name=&apos;username&apos;]&quot;}
  (Session info: chrome=75.0.3770.90)
  (Driver info: chromedriver=2.44.609538 (b655c5a60b0b544917107a59d4153d4bf78e1b90),platform=Windows NT 10.0.17763 x86_64) (WARNING: The server did not provide any stacktrace information)
Command duration or timeout: 0 milliseconds
For documentation on this error, please visit: http://seleniumhq.org/exceptions/no_such_element.html
Build info: version: &apos;3.13.0&apos;, revision: &apos;2f0d292&apos;, time: &apos;2018-06-25T15:24:21.231Z&apos;
System info: host: &apos;PC339926&apos;, ip: &apos;10.219.66.4&apos;, os.name: &apos;Windows 10&apos;, os.arch: &apos;amd64&apos;, os.version: &apos;10.0&apos;, java.version: &apos;1.8.0_181&apos;
Driver info: org.openqa.selenium.chrome.ChromeDriver
Capabilities {acceptInsecureCerts: false, acceptSslCerts: false, applicationCacheEnabled: false, browserConnectionEnabled: false, browserName: chrome, chrome: {chromedriverVersion: 2.44.609538 (b655c5a60b0b54..., userDataDir: C:\Users\593611\AppData\Loc...}, cssSelectorsEnabled: true, databaseEnabled: false, goog:chromeOptions: {debuggerAddress: localhost:64377}, handlesAlerts: true, hasTouchScreen: false, javascriptEnabled: true, locationContextEnabled: true, mobileEmulationEnabled: false, nativeEvents: true, networkConnectionEnabled: false, pageLoadStrategy: normal, platform: XP, platformName: XP, rotatable: false, setWindowRect: true, takesHeapSnapshot: true, takesScreenshot: true, unexpectedAlertBehaviour: ignore, unhandledPromptBehavior: ignore, version: 75.0.3770.90, webStorageEnabled: true}
Session ID: ee2e7f3e831ff6f4367452cd4b4dcb43
*** Element info: {Using=xpath, value=//section[@id=&apos;container&apos;]//input[@name=&apos;username&apos;]}
	at org.openqa.selenium.remote.ErrorHandler.createThrowable(ErrorHandler.java:214)
	at org.openqa.selenium.remote.ErrorHandler.throwIfResponseFailed(ErrorHandler.java:166)
	at org.openqa.selenium.remote.http.JsonHttpResponseCodec.reconstructValue(JsonHttpResponseCodec.java:40)
	at org.openqa.selenium.remote.http.AbstractHttpResponseCodec.decode(AbstractHttpResponseCodec.java:80)
	at org.openqa.selenium.remote.http.AbstractHttpResponseCodec.decode(AbstractHttpResponseCodec.java:44)
	at org.openqa.selenium.remote.HttpCommandExecutor.execute(HttpCommandExecutor.java:158)
	at org.openqa.selenium.remote.service.DriverCommandExecutor.execute(DriverCommandExecutor.java:83)
	at org.openqa.selenium.remote.RemoteWebDriver.execute(RemoteWebDriver.java:548)
	at org.openqa.selenium.remote.RemoteWebDriver.findElement(RemoteWebDriver.java:322)
	at org.openqa.selenium.remote.RemoteWebDriver.findElementByXPath(RemoteWebDriver.java:424)
	at org.openqa.selenium.By$ByXPath.findElement(By.java:353)
	at org.openqa.selenium.remote.RemoteWebDriver.findElement(RemoteWebDriver.java:314)
	at org.cts.oneframework.utilities.BasePageObject$1.apply(BasePageObject.java:118)
	at org.cts.oneframework.utilities.BasePageObject$1.apply(BasePageObject.java:1)
	at org.openqa.selenium.support.ui.FluentWait.until(FluentWait.java:248)
	at org.cts.oneframework.utilities.BasePageObject.getElement(BasePageObject.java:115)
	at org.cts.oneframework.utilities.BasePageObject.setInputValue(BasePageObject.java:326)
	at org.cts.oneframework.utilities.BasePageObject.setInputValue(BasePageObject.java:315)
	at org.cts.oneframework.cucumber.pages.CommonPage.setEmail(CommonPage.java:52)
	at org.cts.oneframework.cucumber.stepdefinition.CommonStepDefs.user_inputs_login_credentials_and_click_se_connecter(CommonStepDefs.java:37)
	at cucumber.runtime.Utils$1.call(Utils.java:26)
	at cucumber.runtime.Timeout.timeout(Timeout.java:16)
	at cucumber.runtime.Utils.invoke(Utils.java:20)
	at cucumber.runtime.java.JavaStepDefinition.execute(JavaStepDefinition.java:49)
	at cucumber.runner.PickleStepDefinitionMatch.runStep(PickleStepDefinitionMatch.java:50)
	at cucumber.runner.TestStep.executeStep(TestStep.java:63)
	at cucumber.runner.TestStep.run(TestStep.java:49)
	at cucumber.runner.PickleStepTestStep.run(PickleStepTestStep.java:43)
	at cucumber.runner.TestCase.run(TestCase.java:44)
	at cucumber.runner.Runner.runPickle(Runner.java:40)
	at cucumber.api.testng.TestNGCucumberRunner.runScenario(TestNGCucumberRunner.java:68)
	at org.cts.oneframework.cucumber.AbstractTestNGCucumberTest.runScenario(AbstractTestNGCucumberTest.java:39)
	at java.util.concurrent.ThreadPoolExecutor.runWorker(ThreadPoolExecutor.java:1149)
	at java.util.concurrent.ThreadPoolExecutor$Worker.run(ThreadPoolExecutor.java:624)
	at java.lang.Thread.run(Thread.java:748)
... Removed 15 stack frames</div></td></tr></table><p class="totop"><a href="#summary">back to summary</a></p>
<h3 id="m9">org.cts.oneframework.cucumber.testrunners.SmokeSuiteRunner#runScenario</h3><table class="result"><tr class="param"><th>Parameter #1</th><th>Parameter #2</th></tr><tr class="param stripe"><td>&quot;TS_35_TC_46_Verify if the user is able to apply date filters in fines list page amendes archives tab&quot;</td><td>&quot;Total_Fleet_AvisDAmendes&quot;</td></tr><tr><th colspan="2">Exception</th></tr><tr><td colspan="2"><div class="stacktrace">org.openqa.selenium.WebDriverException: unknown error: Element &lt;span class=&quot;cell&quot;&gt;...&lt;/span&gt; is not clickable at point (118, 222). Other element would receive the click: &lt;div class=&quot;ui-widget-overlay ui-front&quot; style=&quot;z-index: 10001;&quot;&gt;&lt;/div&gt;
  (Session info: chrome=75.0.3770.90)
  (Driver info: chromedriver=2.44.609538 (b655c5a60b0b544917107a59d4153d4bf78e1b90),platform=Windows NT 10.0.17763 x86_64) (WARNING: The server did not provide any stacktrace information)
Command duration or timeout: 0 milliseconds
Build info: version: &apos;3.13.0&apos;, revision: &apos;2f0d292&apos;, time: &apos;2018-06-25T15:24:21.231Z&apos;
System info: host: &apos;PC339926&apos;, ip: &apos;10.219.66.4&apos;, os.name: &apos;Windows 10&apos;, os.arch: &apos;amd64&apos;, os.version: &apos;10.0&apos;, java.version: &apos;1.8.0_181&apos;
Driver info: org.openqa.selenium.chrome.ChromeDriver
Capabilities {acceptInsecureCerts: false, acceptSslCerts: false, applicationCacheEnabled: false, browserConnectionEnabled: false, browserName: chrome, chrome: {chromedriverVersion: 2.44.609538 (b655c5a60b0b54..., userDataDir: C:\Users\593611\AppData\Loc...}, cssSelectorsEnabled: true, databaseEnabled: false, goog:chromeOptions: {debuggerAddress: localhost:62968}, handlesAlerts: true, hasTouchScreen: false, javascriptEnabled: true, locationContextEnabled: true, mobileEmulationEnabled: false, nativeEvents: true, networkConnectionEnabled: false, pageLoadStrategy: normal, platform: XP, platformName: XP, rotatable: false, setWindowRect: true, takesHeapSnapshot: true, takesScreenshot: true, unexpectedAlertBehaviour: ignore, unhandledPromptBehavior: ignore, version: 75.0.3770.90, webStorageEnabled: true}
Session ID: 1fd792c7225a78abd99244c5533ea3a6
	at org.openqa.selenium.remote.ErrorHandler.createThrowable(ErrorHandler.java:214)
	at org.openqa.selenium.remote.ErrorHandler.throwIfResponseFailed(ErrorHandler.java:166)
	at org.openqa.selenium.remote.http.JsonHttpResponseCodec.reconstructValue(JsonHttpResponseCodec.java:40)
	at org.openqa.selenium.remote.http.AbstractHttpResponseCodec.decode(AbstractHttpResponseCodec.java:80)
	at org.openqa.selenium.remote.http.AbstractHttpResponseCodec.decode(AbstractHttpResponseCodec.java:44)
	at org.openqa.selenium.remote.HttpCommandExecutor.execute(HttpCommandExecutor.java:158)
	at org.openqa.selenium.remote.service.DriverCommandExecutor.execute(DriverCommandExecutor.java:83)
	at org.openqa.selenium.remote.RemoteWebDriver.execute(RemoteWebDriver.java:548)
	at org.openqa.selenium.remote.RemoteWebElement.execute(RemoteWebElement.java:276)
	at org.openqa.selenium.remote.RemoteWebElement.click(RemoteWebElement.java:83)
	at org.cts.oneframework.utilities.BasePageObject.clickElement(BasePageObject.java:609)
	at org.cts.oneframework.utilities.BasePageObject.clickElement(BasePageObject.java:599)
	at org.cts.oneframework.cucumber.pages.AvisDAmendesPage.expandAlertesEtAmendese_LeftMenu(AvisDAmendesPage.java:203)
	at org.cts.oneframework.cucumber.stepdefinition.AvisDAmendesStepDefs.user_clicks_on_Alertes_et_Amandes(AvisDAmendesStepDefs.java:19)
	at ✽.user clicks on Alertes_et_Amandes in left pane(src/test/resources/features/AvisDAmendes.feature:143)
... Removed 4 stack frames</div></td></tr></table><p class="totop"><a href="#summary">back to summary</a></p>
<h3 id="m10">org.cts.oneframework.cucumber.testrunners.SmokeSuiteRunner#runScenario</h3><table class="result"><tr class="param"><th>Parameter #1</th><th>Parameter #2</th></tr><tr class="param stripe"><td>&quot;TS_27_TC_32_verify the filtres in all five tabs are working properly in the fiscalite portlet&quot;</td><td>&quot;Total_Fleet_Fiscalite&quot;</td></tr><tr><th colspan="2">Exception</th></tr><tr><td colspan="2"><div class="stacktrace">org.openqa.selenium.ElementNotVisibleException: element not interactable
  (Session info: chrome=75.0.3770.90)
  (Driver info: chromedriver=2.44.609538 (b655c5a60b0b544917107a59d4153d4bf78e1b90),platform=Windows NT 10.0.17763 x86_64) (WARNING: The server did not provide any stacktrace information)
Command duration or timeout: 0 milliseconds
Build info: version: &apos;3.13.0&apos;, revision: &apos;2f0d292&apos;, time: &apos;2018-06-25T15:24:21.231Z&apos;
System info: host: &apos;PC339926&apos;, ip: &apos;10.219.66.4&apos;, os.name: &apos;Windows 10&apos;, os.arch: &apos;amd64&apos;, os.version: &apos;10.0&apos;, java.version: &apos;1.8.0_181&apos;
Driver info: org.openqa.selenium.chrome.ChromeDriver
Capabilities {acceptInsecureCerts: false, acceptSslCerts: false, applicationCacheEnabled: false, browserConnectionEnabled: false, browserName: chrome, chrome: {chromedriverVersion: 2.44.609538 (b655c5a60b0b54..., userDataDir: C:\Users\593611\AppData\Loc...}, cssSelectorsEnabled: true, databaseEnabled: false, goog:chromeOptions: {debuggerAddress: localhost:64141}, handlesAlerts: true, hasTouchScreen: false, javascriptEnabled: true, locationContextEnabled: true, mobileEmulationEnabled: false, nativeEvents: true, networkConnectionEnabled: false, pageLoadStrategy: normal, platform: XP, platformName: XP, rotatable: false, setWindowRect: true, takesHeapSnapshot: true, takesScreenshot: true, unexpectedAlertBehaviour: ignore, unhandledPromptBehavior: ignore, version: 75.0.3770.90, webStorageEnabled: true}
Session ID: bae70913bea568e37293ad44369129bd
	at org.openqa.selenium.remote.ErrorHandler.createThrowable(ErrorHandler.java:214)
	at org.openqa.selenium.remote.ErrorHandler.throwIfResponseFailed(ErrorHandler.java:166)
	at org.openqa.selenium.remote.http.JsonHttpResponseCodec.reconstructValue(JsonHttpResponseCodec.java:40)
	at org.openqa.selenium.remote.http.AbstractHttpResponseCodec.decode(AbstractHttpResponseCodec.java:80)
	at org.openqa.selenium.remote.http.AbstractHttpResponseCodec.decode(AbstractHttpResponseCodec.java:44)
	at org.openqa.selenium.remote.HttpCommandExecutor.execute(HttpCommandExecutor.java:158)
	at org.openqa.selenium.remote.service.DriverCommandExecutor.execute(DriverCommandExecutor.java:83)
	at org.openqa.selenium.remote.RemoteWebDriver.execute(RemoteWebDriver.java:548)
	at org.openqa.selenium.remote.RemoteWebElement.execute(RemoteWebElement.java:276)
	at org.openqa.selenium.remote.RemoteWebElement.click(RemoteWebElement.java:83)
	at org.cts.oneframework.utilities.BasePageObject.clickElement(BasePageObject.java:587)
	at org.cts.oneframework.utilities.BasePageObject.clickElement(BasePageObject.java:578)
	at org.cts.oneframework.cucumber.pages.FiscalitePage.clickVoirLeDetail(FiscalitePage.java:1304)
	at org.cts.oneframework.cucumber.stepdefinition.FiscaliteStepDefs.applying_the_filter_in_all_the_five_tabs_then_values_in_the_tabs_should_be_displayed_accordingly(FiscaliteStepDefs.java:135)
	at ✽.applying the filter in all the five tabs then values in the tabs should be displayed accordingly EnterYearInExerciceFiscalDropdownTVSTab Select_Year_In_Du_Periode_In_AvantagesEnNatureTab Select_Month_In_Du_Periode_In_AvantagesEnNatureTab Select_Year_In_Au_Periode_In_AvantagesEnNatureTab Select_Month_In_Au_Periode_In_AvantagesEnNatureTab SelectMonthDuInPeriodeFilterTvaTab SelectYearIDunPeriodeFilterTvaTab SelectDateDuInPeriodeFilterTvaTab SelectMonthInAuPeriodeFilterTvaTab SelectYearInAuPeriodeFilterTvaTab SelectDateInAuPeriodeFilterTvaTab SelectMonthDuInDatedentreeauparFilterAndTab SelectYearIDunDatedentreeauparFilterAndTab SelectDateIDunDatedentreeauparFilterAndTab SelectMonthInAuDatedentreeauparFilterAndTab SelectYearInAuDatedentreeauparFilterAndTab SelectDateInAuDatedentreeauparFilterAndTab(src/test/resources/features/Fiscalite.feature:85)
... Removed 4 stack frames</div></td></tr></table><p class="totop"><a href="#summary">back to summary</a></p>
<h3 id="m11">org.cts.oneframework.cucumber.testrunners.SmokeSuiteRunner#runScenario</h3><table class="result"><tr class="param"><th>Parameter #1</th><th>Parameter #2</th></tr><tr class="param stripe"><td>&quot;TS_28_TC_35_Verify if the user is able to view and apply filter and download the suivi budgetaire factures total report&quot;</td><td>&quot;Total_Fleet_Rapports&quot;</td></tr><tr><th colspan="2">Exception</th></tr><tr><td colspan="2"><div class="stacktrace">org.openqa.selenium.WebDriverException: unknown error: Element &lt;a href=&quot;#null&quot; data-cc-event=&quot;click:dismiss&quot; target=&quot;_blank&quot; class=&quot;cc_btn cc_btn_accept_all&quot;&gt;...&lt;/a&gt; is not clickable at point (1259, 615). Other element would receive the click: &lt;div class=&quot;ui-widget-overlay ui-front&quot; style=&quot;z-index: 10001;&quot;&gt;&lt;/div&gt;
  (Session info: chrome=75.0.3770.90)
  (Driver info: chromedriver=2.44.609538 (b655c5a60b0b544917107a59d4153d4bf78e1b90),platform=Windows NT 10.0.17763 x86_64) (WARNING: The server did not provide any stacktrace information)
Command duration or timeout: 0 milliseconds
Build info: version: &apos;3.13.0&apos;, revision: &apos;2f0d292&apos;, time: &apos;2018-06-25T15:24:21.231Z&apos;
System info: host: &apos;PC339926&apos;, ip: &apos;10.219.66.4&apos;, os.name: &apos;Windows 10&apos;, os.arch: &apos;amd64&apos;, os.version: &apos;10.0&apos;, java.version: &apos;1.8.0_181&apos;
Driver info: org.openqa.selenium.chrome.ChromeDriver
Capabilities {acceptInsecureCerts: false, acceptSslCerts: false, applicationCacheEnabled: false, browserConnectionEnabled: false, browserName: chrome, chrome: {chromedriverVersion: 2.44.609538 (b655c5a60b0b54..., userDataDir: C:\Users\593611\AppData\Loc...}, cssSelectorsEnabled: true, databaseEnabled: false, goog:chromeOptions: {debuggerAddress: localhost:64377}, handlesAlerts: true, hasTouchScreen: false, javascriptEnabled: true, locationContextEnabled: true, mobileEmulationEnabled: false, nativeEvents: true, networkConnectionEnabled: false, pageLoadStrategy: normal, platform: XP, platformName: XP, rotatable: false, setWindowRect: true, takesHeapSnapshot: true, takesScreenshot: true, unexpectedAlertBehaviour: ignore, unhandledPromptBehavior: ignore, version: 75.0.3770.90, webStorageEnabled: true}
Session ID: ee2e7f3e831ff6f4367452cd4b4dcb43
	at org.openqa.selenium.remote.ErrorHandler.createThrowable(ErrorHandler.java:214)
	at org.openqa.selenium.remote.ErrorHandler.throwIfResponseFailed(ErrorHandler.java:166)
	at org.openqa.selenium.remote.http.JsonHttpResponseCodec.reconstructValue(JsonHttpResponseCodec.java:40)
	at org.openqa.selenium.remote.http.AbstractHttpResponseCodec.decode(AbstractHttpResponseCodec.java:80)
	at org.openqa.selenium.remote.http.AbstractHttpResponseCodec.decode(AbstractHttpResponseCodec.java:44)
	at org.openqa.selenium.remote.HttpCommandExecutor.execute(HttpCommandExecutor.java:158)
	at org.openqa.selenium.remote.service.DriverCommandExecutor.execute(DriverCommandExecutor.java:83)
	at org.openqa.selenium.remote.RemoteWebDriver.execute(RemoteWebDriver.java:548)
	at org.openqa.selenium.remote.RemoteWebElement.execute(RemoteWebElement.java:276)
	at org.openqa.selenium.remote.RemoteWebElement.click(RemoteWebElement.java:83)
	at org.cts.oneframework.utilities.BasePageObject.clickElement(BasePageObject.java:587)
	at org.cts.oneframework.utilities.BasePageObject.clickElement(BasePageObject.java:578)
	at org.cts.oneframework.cucumber.pages.CommonPage.clickAccepterToAcceptCookiesInBottomOfThePage(CommonPage.java:115)
	at org.cts.oneframework.cucumber.stepdefinition.CommonStepDefs.user_clicks_on_Accepter_in_page_footer_to_accept_cookies(CommonStepDefs.java:63)
	at ✽.user clicks on Accepter in page footer to accept cookies(src/test/resources/features/Rapports.feature:113)
... Removed 4 stack frames</div></td></tr></table><p class="totop"><a href="#summary">back to summary</a></p>
<h3 id="m12">org.cts.oneframework.cucumber.testrunners.SmokeSuiteRunner#runScenario</h3><table class="result"><tr class="param"><th>Parameter #1</th><th>Parameter #2</th></tr><tr class="param stripe"><td>&quot;TS_29_TC_37_Verify excel download in Evolution Des Couts in Suivi Des Couts page&quot;</td><td>&quot;Total_Fleet_SuiviDesCouts&quot;</td></tr><tr><th colspan="2">Exception</th></tr><tr><td colspan="2"><div class="stacktrace">org.openqa.selenium.WebDriverException: unknown error: Element &lt;a class=&quot; accueil active&quot; aria-labelledby=&quot;layout_3&quot; href=&quot;https://fleetonline.pprod.uap.total.com/private/guest/home&quot; role=&quot;menuitem&quot;&gt;...&lt;/a&gt; is not clickable at point (110, 108). Other element would receive the click: &lt;div class=&quot;ui-widget-overlay ui-front&quot; style=&quot;z-index: 10001;&quot;&gt;&lt;/div&gt;
  (Session info: chrome=75.0.3770.90)
  (Driver info: chromedriver=2.44.609538 (b655c5a60b0b544917107a59d4153d4bf78e1b90),platform=Windows NT 10.0.17763 x86_64) (WARNING: The server did not provide any stacktrace information)
Command duration or timeout: 0 milliseconds
Build info: version: &apos;3.13.0&apos;, revision: &apos;2f0d292&apos;, time: &apos;2018-06-25T15:24:21.231Z&apos;
System info: host: &apos;PC339926&apos;, ip: &apos;10.219.66.4&apos;, os.name: &apos;Windows 10&apos;, os.arch: &apos;amd64&apos;, os.version: &apos;10.0&apos;, java.version: &apos;1.8.0_181&apos;
Driver info: org.openqa.selenium.chrome.ChromeDriver
Capabilities {acceptInsecureCerts: false, acceptSslCerts: false, applicationCacheEnabled: false, browserConnectionEnabled: false, browserName: chrome, chrome: {chromedriverVersion: 2.44.609538 (b655c5a60b0b54..., userDataDir: C:\Users\593611\AppData\Loc...}, cssSelectorsEnabled: true, databaseEnabled: false, goog:chromeOptions: {debuggerAddress: localhost:64484}, handlesAlerts: true, hasTouchScreen: false, javascriptEnabled: true, locationContextEnabled: true, mobileEmulationEnabled: false, nativeEvents: true, networkConnectionEnabled: false, pageLoadStrategy: normal, platform: XP, platformName: XP, rotatable: false, setWindowRect: true, takesHeapSnapshot: true, takesScreenshot: true, unexpectedAlertBehaviour: ignore, unhandledPromptBehavior: ignore, version: 75.0.3770.90, webStorageEnabled: true}
Session ID: ff8622ea5b7ecc7f3072c5ae88a6659c
	at org.openqa.selenium.remote.ErrorHandler.createThrowable(ErrorHandler.java:214)
	at org.openqa.selenium.remote.ErrorHandler.throwIfResponseFailed(ErrorHandler.java:166)
	at org.openqa.selenium.remote.http.JsonHttpResponseCodec.reconstructValue(JsonHttpResponseCodec.java:40)
	at org.openqa.selenium.remote.http.AbstractHttpResponseCodec.decode(AbstractHttpResponseCodec.java:80)
	at org.openqa.selenium.remote.http.AbstractHttpResponseCodec.decode(AbstractHttpResponseCodec.java:44)
	at org.openqa.selenium.remote.HttpCommandExecutor.execute(HttpCommandExecutor.java:158)
	at org.openqa.selenium.remote.service.DriverCommandExecutor.execute(DriverCommandExecutor.java:83)
	at org.openqa.selenium.remote.RemoteWebDriver.execute(RemoteWebDriver.java:548)
	at org.openqa.selenium.remote.RemoteWebElement.execute(RemoteWebElement.java:276)
	at org.openqa.selenium.remote.RemoteWebElement.click(RemoteWebElement.java:83)
	at org.cts.oneframework.utilities.BasePageObject.clickElement(BasePageObject.java:587)
	at org.cts.oneframework.utilities.BasePageObject.clickElement(BasePageObject.java:578)
	at org.cts.oneframework.cucumber.pages.CommonPage.clickAccueilLinkInLeftPane(CommonPage.java:101)
	at org.cts.oneframework.cucumber.stepdefinition.CommonStepDefs.user_clicks_on_Accueil_in_left_pane_total_home_page_should_be_displayed(CommonStepDefs.java:54)
	at ✽.user clicks on Accueil in left pane total home page should be displayed(src/test/resources/features/SuiviDesCouts.feature:66)
... Removed 4 stack frames</div></td></tr></table><p class="totop"><a href="#summary">back to summary</a></p>
<h3 id="m13">org.cts.oneframework.cucumber.testrunners.SmokeSuiteRunner#runScenario</h3><table class="result"><tr class="param"><th>Parameter #1</th><th>Parameter #2</th></tr><tr class="param stripe"><td>&quot;TS_29_TC_37_Verify excel download in Couts Moyens Par Vehicule in Suivi Des Couts page&quot;</td><td>&quot;Total_Fleet_SuiviDesCouts&quot;</td></tr><tr><th colspan="2">Exception</th></tr><tr><td colspan="2"><div class="stacktrace">org.openqa.selenium.TimeoutException: Expected condition failed: waiting for org.cts.oneframework.utilities.BasePageObject$1@e2cd693 (tried for 200 second(s) with 1000 milliseconds interval)
Build info: version: &apos;3.13.0&apos;, revision: &apos;2f0d292&apos;, time: &apos;2018-06-25T15:24:21.231Z&apos;
System info: host: &apos;PC339926&apos;, ip: &apos;10.219.66.4&apos;, os.name: &apos;Windows 10&apos;, os.arch: &apos;amd64&apos;, os.version: &apos;10.0&apos;, java.version: &apos;1.8.0_181&apos;
Driver info: org.openqa.selenium.chrome.ChromeDriver
Capabilities {acceptInsecureCerts: false, acceptSslCerts: false, applicationCacheEnabled: false, browserConnectionEnabled: false, browserName: chrome, chrome: {chromedriverVersion: 2.44.609538 (b655c5a60b0b54..., userDataDir: C:\Users\593611\AppData\Loc...}, cssSelectorsEnabled: true, databaseEnabled: false, goog:chromeOptions: {debuggerAddress: localhost:64484}, handlesAlerts: true, hasTouchScreen: false, javascriptEnabled: true, locationContextEnabled: true, mobileEmulationEnabled: false, nativeEvents: true, networkConnectionEnabled: false, pageLoadStrategy: normal, platform: XP, platformName: XP, rotatable: false, setWindowRect: true, takesHeapSnapshot: true, takesScreenshot: true, unexpectedAlertBehaviour: ignore, unhandledPromptBehavior: ignore, version: 75.0.3770.90, webStorageEnabled: true}
Session ID: ff8622ea5b7ecc7f3072c5ae88a6659c
	at org.openqa.selenium.support.ui.WebDriverWait.timeoutException(WebDriverWait.java:81)
	at org.openqa.selenium.support.ui.FluentWait.until(FluentWait.java:271)
	at org.cts.oneframework.utilities.BasePageObject.getElement(BasePageObject.java:115)
	at org.cts.oneframework.utilities.BasePageObject.clickElement(BasePageObject.java:587)
	at org.cts.oneframework.utilities.BasePageObject.clickElement(BasePageObject.java:578)
	at org.cts.oneframework.cucumber.pages.SuiviDesCoutsPage.click_coutsMoyensParvehiculeTTCTab_SuiviDesCouts(SuiviDesCoutsPage.java:481)
	at org.cts.oneframework.cucumber.stepdefinition.SuiviDesCoutsStepDefs.couts_moyens_par_vehicule_tab_clicked(SuiviDesCoutsStepDefs.java:136)
	at ✽.couts moyens par vehicule tab is selected(src/test/resources/features/SuiviDesCouts.feature:96)
</div></td></tr></table><p class="totop"><a href="#summary">back to summary</a></p>
<h3 id="m14">org.cts.oneframework.cucumber.testrunners.SmokeSuiteRunner#runScenario</h3><table class="result"><tr class="param"><th>Parameter #1</th><th>Parameter #2</th></tr><tr class="param stripe"><td>&quot;TS_07_TC_08_Navigate to the vehicule list page from the counts portlet and search for a vehicule in the list&quot;</td><td>&quot;Total_Fleet_TousVosVehicules&quot;</td></tr><tr><th colspan="2">Exception</th></tr><tr><td colspan="2"><div class="stacktrace">org.openqa.selenium.ElementNotVisibleException: element not interactable
  (Session info: chrome=75.0.3770.90)
  (Driver info: chromedriver=2.44.609538 (b655c5a60b0b544917107a59d4153d4bf78e1b90),platform=Windows NT 10.0.17763 x86_64) (WARNING: The server did not provide any stacktrace information)
Command duration or timeout: 0 milliseconds
Build info: version: &apos;3.13.0&apos;, revision: &apos;2f0d292&apos;, time: &apos;2018-06-25T15:24:21.231Z&apos;
System info: host: &apos;PC339926&apos;, ip: &apos;10.219.66.4&apos;, os.name: &apos;Windows 10&apos;, os.arch: &apos;amd64&apos;, os.version: &apos;10.0&apos;, java.version: &apos;1.8.0_181&apos;
Driver info: org.openqa.selenium.chrome.ChromeDriver
Capabilities {acceptInsecureCerts: false, acceptSslCerts: false, applicationCacheEnabled: false, browserConnectionEnabled: false, browserName: chrome, chrome: {chromedriverVersion: 2.44.609538 (b655c5a60b0b54..., userDataDir: C:\Users\593611\AppData\Loc...}, cssSelectorsEnabled: true, databaseEnabled: false, goog:chromeOptions: {debuggerAddress: localhost:65036}, handlesAlerts: true, hasTouchScreen: false, javascriptEnabled: true, locationContextEnabled: true, mobileEmulationEnabled: false, nativeEvents: true, networkConnectionEnabled: false, pageLoadStrategy: normal, platform: XP, platformName: XP, rotatable: false, setWindowRect: true, takesHeapSnapshot: true, takesScreenshot: true, unexpectedAlertBehaviour: ignore, unhandledPromptBehavior: ignore, version: 75.0.3770.90, webStorageEnabled: true}
Session ID: b2197c0247566ace70e1e6b02d8d86b8
	at org.openqa.selenium.remote.ErrorHandler.createThrowable(ErrorHandler.java:214)
	at org.openqa.selenium.remote.ErrorHandler.throwIfResponseFailed(ErrorHandler.java:166)
	at org.openqa.selenium.remote.http.JsonHttpResponseCodec.reconstructValue(JsonHttpResponseCodec.java:40)
	at org.openqa.selenium.remote.http.AbstractHttpResponseCodec.decode(AbstractHttpResponseCodec.java:80)
	at org.openqa.selenium.remote.http.AbstractHttpResponseCodec.decode(AbstractHttpResponseCodec.java:44)
	at org.openqa.selenium.remote.HttpCommandExecutor.execute(HttpCommandExecutor.java:158)
	at org.openqa.selenium.remote.service.DriverCommandExecutor.execute(DriverCommandExecutor.java:83)
	at org.openqa.selenium.remote.RemoteWebDriver.execute(RemoteWebDriver.java:548)
	at org.openqa.selenium.remote.RemoteWebElement.execute(RemoteWebElement.java:276)
	at org.openqa.selenium.remote.RemoteWebElement.click(RemoteWebElement.java:83)
	at org.cts.oneframework.utilities.BasePageObject.clickElement(BasePageObject.java:587)
	at org.cts.oneframework.utilities.BasePageObject.clickElement(BasePageObject.java:578)
	at org.cts.oneframework.cucumber.pages.TousVosVehiculesPage.click_vehicules_Votreparc(TousVosVehiculesPage.java:774)
	at org.cts.oneframework.cucumber.stepdefinition.TousVosVehiculesStepDefs.user_clicks_on_vehicules_in_voter_parc_section(TousVosVehiculesStepDefs.java:17)
	at ✽.user clicks on vehicules in voter parc section(src/test/resources/features/TousVosVehicules.feature:105)
... Removed 4 stack frames</div></td></tr></table><p class="totop"><a href="#summary">back to summary</a></p>
<h3 id="m15">org.cts.oneframework.cucumber.testrunners.SmokeSuiteRunner#runScenario</h3><table class="result"><tr class="param"><th>Parameter #1</th><th>Parameter #2</th></tr><tr class="param stripe"><td>&quot;TS_09_TC_10_Validation for contrat tab&quot;</td><td>&quot;Total_Fleet_TousVosVehicules&quot;</td></tr><tr><th colspan="2">Exception</th></tr><tr><td colspan="2"><div class="stacktrace">org.openqa.selenium.WebDriverException: chrome not reachable
  (Session info: chrome=75.0.3770.90)
  (Driver info: chromedriver=2.44.609538 (b655c5a60b0b544917107a59d4153d4bf78e1b90),platform=Windows NT 10.0.17763 x86_64) (WARNING: The server did not provide any stacktrace information)
Command duration or timeout: 0 milliseconds
Build info: version: &apos;3.13.0&apos;, revision: &apos;2f0d292&apos;, time: &apos;2018-06-25T15:24:21.231Z&apos;
System info: host: &apos;PC339926&apos;, ip: &apos;10.219.66.4&apos;, os.name: &apos;Windows 10&apos;, os.arch: &apos;amd64&apos;, os.version: &apos;10.0&apos;, java.version: &apos;1.8.0_181&apos;
Driver info: org.openqa.selenium.chrome.ChromeDriver
Capabilities {acceptInsecureCerts: false, acceptSslCerts: false, applicationCacheEnabled: false, browserConnectionEnabled: false, browserName: chrome, chrome: {chromedriverVersion: 2.44.609538 (b655c5a60b0b54..., userDataDir: C:\Users\593611\AppData\Loc...}, cssSelectorsEnabled: true, databaseEnabled: false, goog:chromeOptions: {debuggerAddress: localhost:65130}, handlesAlerts: true, hasTouchScreen: false, javascriptEnabled: true, locationContextEnabled: true, mobileEmulationEnabled: false, nativeEvents: true, networkConnectionEnabled: false, pageLoadStrategy: normal, platform: XP, platformName: XP, rotatable: false, setWindowRect: true, takesHeapSnapshot: true, takesScreenshot: true, unexpectedAlertBehaviour: ignore, unhandledPromptBehavior: ignore, version: 75.0.3770.90, webStorageEnabled: true}
Session ID: fc1162356c7d5df29982374a6a2df139
*** Element info: {Using=xpath, value=//*[contains(@id,&apos;typeOfContract-container&apos;)]/ancestor::node()[1]}
	at org.openqa.selenium.remote.ErrorHandler.createThrowable(ErrorHandler.java:214)
	at org.openqa.selenium.remote.ErrorHandler.throwIfResponseFailed(ErrorHandler.java:166)
	at org.openqa.selenium.remote.http.JsonHttpResponseCodec.reconstructValue(JsonHttpResponseCodec.java:40)
	at org.openqa.selenium.remote.http.AbstractHttpResponseCodec.decode(AbstractHttpResponseCodec.java:80)
	at org.openqa.selenium.remote.http.AbstractHttpResponseCodec.decode(AbstractHttpResponseCodec.java:44)
	at org.openqa.selenium.remote.HttpCommandExecutor.execute(HttpCommandExecutor.java:158)
	at org.openqa.selenium.remote.service.DriverCommandExecutor.execute(DriverCommandExecutor.java:83)
	at org.openqa.selenium.remote.RemoteWebDriver.execute(RemoteWebDriver.java:548)
	at org.openqa.selenium.remote.RemoteWebDriver.findElements(RemoteWebDriver.java:349)
	at org.openqa.selenium.remote.RemoteWebDriver.findElementsByXPath(RemoteWebDriver.java:428)
	at org.openqa.selenium.By$ByXPath.findElements(By.java:348)
	at org.openqa.selenium.remote.RemoteWebDriver.findElements(RemoteWebDriver.java:310)
	at org.openqa.selenium.support.ui.ExpectedConditions.findElement(ExpectedConditions.java:895)
	at org.openqa.selenium.support.ui.ExpectedConditions.access$000(ExpectedConditions.java:44)
	at org.openqa.selenium.support.ui.ExpectedConditions$7.apply(ExpectedConditions.java:206)
	at org.openqa.selenium.support.ui.ExpectedConditions$7.apply(ExpectedConditions.java:202)
	at org.openqa.selenium.support.ui.FluentWait.until(FluentWait.java:248)
	at org.cts.oneframework.utilities.BasePageObject.waitForElementToLoad(BasePageObject.java:745)
	at org.cts.oneframework.utilities.BasePageObject.waitForElementToLoad(BasePageObject.java:749)
	at org.cts.oneframework.cucumber.pages.TousVosVehiculesPage.click_DropDownTypeDeContrat_contratCreation_vehicule(TousVosVehiculesPage.java:342)
	at org.cts.oneframework.cucumber.stepdefinition.TousVosVehiculesStepDefs.user_should_verify_the_fields_in_contrat_tab_for_all_the_types_Location_courte_duree_Location_moyenne_duree_Location_longue_duree_Locationavec_option_d_achat_Indemnite_Kilometrique_and_Contrat_type_Achat(TousVosVehiculesStepDefs.java:152)
	at ✽.user should verify the fields in contrat tab for all the types ContrattypeLCD ContrattypeLMD ContrattypeLLD ContrattypeLOA ContrattypeIK and ContrattypeAchat(src/test/resources/features/TousVosVehicules.feature:192)
... Removed 4 stack frames</div></td></tr></table><p class="totop"><a href="#summary">back to summary</a></p>
<h3 id="m16">org.cts.oneframework.cucumber.testrunners.SmokeSuiteRunner#runScenario</h3><table class="result"><tr class="param"><th>Parameter #1</th><th>Parameter #2</th></tr><tr class="param stripe"><td>&quot;TS_08_TC_09_verify if the User is able to create vehicule with AAA call&quot;</td><td>&quot;Total_Fleet_TousVosVehicules&quot;</td></tr><tr><th colspan="2">Exception</th></tr><tr><td colspan="2"><div class="stacktrace">org.openqa.selenium.WebDriverException: unknown error: Element &lt;a class=&quot; accueil active&quot; aria-labelledby=&quot;layout_3&quot; href=&quot;https://fleetonline.pprod.uap.total.com/private/guest/home&quot; role=&quot;menuitem&quot;&gt;...&lt;/a&gt; is not clickable at point (110, 108). Other element would receive the click: &lt;div class=&quot;ui-widget-overlay ui-front&quot; style=&quot;z-index: 10001;&quot;&gt;&lt;/div&gt;
  (Session info: chrome=75.0.3770.90)
  (Driver info: chromedriver=2.44.609538 (b655c5a60b0b544917107a59d4153d4bf78e1b90),platform=Windows NT 10.0.17763 x86_64) (WARNING: The server did not provide any stacktrace information)
Command duration or timeout: 0 milliseconds
Build info: version: &apos;3.13.0&apos;, revision: &apos;2f0d292&apos;, time: &apos;2018-06-25T15:24:21.231Z&apos;
System info: host: &apos;PC339926&apos;, ip: &apos;10.219.66.4&apos;, os.name: &apos;Windows 10&apos;, os.arch: &apos;amd64&apos;, os.version: &apos;10.0&apos;, java.version: &apos;1.8.0_181&apos;
Driver info: org.openqa.selenium.chrome.ChromeDriver
Capabilities {acceptInsecureCerts: false, acceptSslCerts: false, applicationCacheEnabled: false, browserConnectionEnabled: false, browserName: chrome, chrome: {chromedriverVersion: 2.44.609538 (b655c5a60b0b54..., userDataDir: C:\Users\593611\AppData\Loc...}, cssSelectorsEnabled: true, databaseEnabled: false, goog:chromeOptions: {debuggerAddress: localhost:65036}, handlesAlerts: true, hasTouchScreen: false, javascriptEnabled: true, locationContextEnabled: true, mobileEmulationEnabled: false, nativeEvents: true, networkConnectionEnabled: false, pageLoadStrategy: normal, platform: XP, platformName: XP, rotatable: false, setWindowRect: true, takesHeapSnapshot: true, takesScreenshot: true, unexpectedAlertBehaviour: ignore, unhandledPromptBehavior: ignore, version: 75.0.3770.90, webStorageEnabled: true}
Session ID: b2197c0247566ace70e1e6b02d8d86b8
	at org.openqa.selenium.remote.ErrorHandler.createThrowable(ErrorHandler.java:214)
	at org.openqa.selenium.remote.ErrorHandler.throwIfResponseFailed(ErrorHandler.java:166)
	at org.openqa.selenium.remote.http.JsonHttpResponseCodec.reconstructValue(JsonHttpResponseCodec.java:40)
	at org.openqa.selenium.remote.http.AbstractHttpResponseCodec.decode(AbstractHttpResponseCodec.java:80)
	at org.openqa.selenium.remote.http.AbstractHttpResponseCodec.decode(AbstractHttpResponseCodec.java:44)
	at org.openqa.selenium.remote.HttpCommandExecutor.execute(HttpCommandExecutor.java:158)
	at org.openqa.selenium.remote.service.DriverCommandExecutor.execute(DriverCommandExecutor.java:83)
	at org.openqa.selenium.remote.RemoteWebDriver.execute(RemoteWebDriver.java:548)
	at org.openqa.selenium.remote.RemoteWebElement.execute(RemoteWebElement.java:276)
	at org.openqa.selenium.remote.RemoteWebElement.click(RemoteWebElement.java:83)
	at org.cts.oneframework.utilities.BasePageObject.clickElement(BasePageObject.java:587)
	at org.cts.oneframework.utilities.BasePageObject.clickElement(BasePageObject.java:578)
	at org.cts.oneframework.cucumber.pages.CommonPage.clickAccueilLinkInLeftPane(CommonPage.java:101)
	at org.cts.oneframework.cucumber.stepdefinition.CommonStepDefs.user_clicks_on_Accueil_in_left_pane_total_home_page_should_be_displayed(CommonStepDefs.java:54)
	at ✽.user clicks on Accueil in left pane total home page should be displayed(src/test/resources/features/TousVosVehicules.feature:120)
... Removed 4 stack frames</div></td></tr></table><p class="totop"><a href="#summary">back to summary</a></p>
<h3 id="m17">org.cts.oneframework.cucumber.testrunners.SmokeSuiteRunner#runScenario</h3><table class="result"><tr class="param"><th>Parameter #1</th><th>Parameter #2</th></tr><tr class="param stripe"><td>&quot;TS_28_TC_34_Verify if the user is able to view and apply filter and download the suivi consommation aux KM report&quot;</td><td>&quot;Total_Fleet_Rapports&quot;</td></tr><tr><th colspan="2">Exception</th></tr><tr><td colspan="2"><div class="stacktrace">java.lang.AssertionError: verify the presence of Pagination button in &apos;Suiviconsommationaux&apos; Rapport page expected [true] but found [false]
	at org.cts.oneframework.utilities.AssertionLibrary.assertTrue(AssertionLibrary.java:116)
	at org.cts.oneframework.utilities.AssertionLibrary.assertTrue(AssertionLibrary.java:131)
	at org.cts.oneframework.cucumber.pages.RapportsPage.AssetbtnPaginationInSuiviconsommationauxRapportPage(RapportsPage.java:1735)
	at org.cts.oneframework.cucumber.stepdefinition.RapportsStepDefs.user_should_verify_all_the_links_are_available_in_the_suivi_consommation_aux_km_report(RapportsStepDefs.java:106)
	at ✽.system should show all the links available in the suivi consommation aux km report(src/test/resources/features/Rapports.feature:84)
... Removed 3 stack frames</div></td></tr></table><p class="totop"><a href="#summary">back to summary</a></p>
<h3 id="m18">org.cts.oneframework.cucumber.testrunners.SmokeSuiteRunner#runScenario</h3><table class="result"><tr class="param"><th>Parameter #1</th><th>Parameter #2</th></tr><tr class="param stripe"><td>&quot;TS_11_TC_12_Navigation to Vehicules Detailed Page&quot;</td><td>&quot;Total_Fleet_TousVosVehicules&quot;</td></tr><tr><th colspan="2">Exception</th></tr><tr><td colspan="2"><div class="stacktrace">org.openqa.selenium.ElementNotVisibleException: element not interactable
  (Session info: chrome=75.0.3770.90)
  (Driver info: chromedriver=2.44.609538 (b655c5a60b0b544917107a59d4153d4bf78e1b90),platform=Windows NT 10.0.17763 x86_64) (WARNING: The server did not provide any stacktrace information)
Command duration or timeout: 0 milliseconds
Build info: version: &apos;3.13.0&apos;, revision: &apos;2f0d292&apos;, time: &apos;2018-06-25T15:24:21.231Z&apos;
System info: host: &apos;PC339926&apos;, ip: &apos;10.219.66.4&apos;, os.name: &apos;Windows 10&apos;, os.arch: &apos;amd64&apos;, os.version: &apos;10.0&apos;, java.version: &apos;1.8.0_181&apos;
Driver info: org.openqa.selenium.chrome.ChromeDriver
Capabilities {acceptInsecureCerts: false, acceptSslCerts: false, applicationCacheEnabled: false, browserConnectionEnabled: false, browserName: chrome, chrome: {chromedriverVersion: 2.44.609538 (b655c5a60b0b54..., userDataDir: C:\Users\593611\AppData\Loc...}, cssSelectorsEnabled: true, databaseEnabled: false, goog:chromeOptions: {debuggerAddress: localhost:65237}, handlesAlerts: true, hasTouchScreen: false, javascriptEnabled: true, locationContextEnabled: true, mobileEmulationEnabled: false, nativeEvents: true, networkConnectionEnabled: false, pageLoadStrategy: normal, platform: XP, platformName: XP, rotatable: false, setWindowRect: true, takesHeapSnapshot: true, takesScreenshot: true, unexpectedAlertBehaviour: ignore, unhandledPromptBehavior: ignore, version: 75.0.3770.90, webStorageEnabled: true}
Session ID: e423218907a1876552f1f0cf85b427b0
	at org.openqa.selenium.remote.ErrorHandler.createThrowable(ErrorHandler.java:214)
	at org.openqa.selenium.remote.ErrorHandler.throwIfResponseFailed(ErrorHandler.java:166)
	at org.openqa.selenium.remote.http.JsonHttpResponseCodec.reconstructValue(JsonHttpResponseCodec.java:40)
	at org.openqa.selenium.remote.http.AbstractHttpResponseCodec.decode(AbstractHttpResponseCodec.java:80)
	at org.openqa.selenium.remote.http.AbstractHttpResponseCodec.decode(AbstractHttpResponseCodec.java:44)
	at org.openqa.selenium.remote.HttpCommandExecutor.execute(HttpCommandExecutor.java:158)
	at org.openqa.selenium.remote.service.DriverCommandExecutor.execute(DriverCommandExecutor.java:83)
	at org.openqa.selenium.remote.RemoteWebDriver.execute(RemoteWebDriver.java:548)
	at org.openqa.selenium.remote.RemoteWebElement.execute(RemoteWebElement.java:276)
	at org.openqa.selenium.remote.RemoteWebElement.click(RemoteWebElement.java:83)
	at org.cts.oneframework.utilities.BasePageObject.clickElement(BasePageObject.java:587)
	at org.cts.oneframework.utilities.BasePageObject.clickElement(BasePageObject.java:578)
	at org.cts.oneframework.cucumber.pages.TousVosVehiculesPage.click_vehicules_Votreparc(TousVosVehiculesPage.java:774)
	at org.cts.oneframework.cucumber.stepdefinition.TousVosVehiculesStepDefs.user_clicks_on_vehicules_in_voter_parc_section(TousVosVehiculesStepDefs.java:17)
	at ✽.user clicks on vehicules in voter parc section(src/test/resources/features/TousVosVehicules.feature:228)
... Removed 4 stack frames</div></td></tr></table><p class="totop"><a href="#summary">back to summary</a></p>
<h3 id="m19">org.cts.oneframework.cucumber.testrunners.SmokeSuiteRunner#runScenario</h3><table class="result"><tr class="param"><th>Parameter #1</th><th>Parameter #2</th></tr><tr class="param stripe"><td>&quot;TS_29_TC_38_Verify if the user able to apply the filter in all the four tabs in cost tracking portlet&quot;</td><td>&quot;Total_Fleet_SuiviDesCouts&quot;</td></tr><tr><th colspan="2">Exception</th></tr><tr><td colspan="2"><div class="stacktrace">org.openqa.selenium.WebDriverException: unknown error: Element &lt;span class=&quot;cell&quot;&gt;...&lt;/span&gt; is not clickable at point (130, 165). Other element would receive the click: &lt;div class=&quot;ui-widget-overlay ui-front&quot; style=&quot;z-index: 10001;&quot;&gt;&lt;/div&gt;
  (Session info: chrome=75.0.3770.90)
  (Driver info: chromedriver=2.44.609538 (b655c5a60b0b544917107a59d4153d4bf78e1b90),platform=Windows NT 10.0.17763 x86_64) (WARNING: The server did not provide any stacktrace information)
Command duration or timeout: 0 milliseconds
Build info: version: &apos;3.13.0&apos;, revision: &apos;2f0d292&apos;, time: &apos;2018-06-25T15:24:21.231Z&apos;
System info: host: &apos;PC339926&apos;, ip: &apos;10.219.66.4&apos;, os.name: &apos;Windows 10&apos;, os.arch: &apos;amd64&apos;, os.version: &apos;10.0&apos;, java.version: &apos;1.8.0_181&apos;
Driver info: org.openqa.selenium.chrome.ChromeDriver
Capabilities {acceptInsecureCerts: false, acceptSslCerts: false, applicationCacheEnabled: false, browserConnectionEnabled: false, browserName: chrome, chrome: {chromedriverVersion: 2.44.609538 (b655c5a60b0b54..., userDataDir: C:\Users\593611\AppData\Loc...}, cssSelectorsEnabled: true, databaseEnabled: false, goog:chromeOptions: {debuggerAddress: localhost:64484}, handlesAlerts: true, hasTouchScreen: false, javascriptEnabled: true, locationContextEnabled: true, mobileEmulationEnabled: false, nativeEvents: true, networkConnectionEnabled: false, pageLoadStrategy: normal, platform: XP, platformName: XP, rotatable: false, setWindowRect: true, takesHeapSnapshot: true, takesScreenshot: true, unexpectedAlertBehaviour: ignore, unhandledPromptBehavior: ignore, version: 75.0.3770.90, webStorageEnabled: true}
Session ID: ff8622ea5b7ecc7f3072c5ae88a6659c
	at org.openqa.selenium.remote.ErrorHandler.createThrowable(ErrorHandler.java:214)
	at org.openqa.selenium.remote.ErrorHandler.throwIfResponseFailed(ErrorHandler.java:166)
	at org.openqa.selenium.remote.http.JsonHttpResponseCodec.reconstructValue(JsonHttpResponseCodec.java:40)
	at org.openqa.selenium.remote.http.AbstractHttpResponseCodec.decode(AbstractHttpResponseCodec.java:80)
	at org.openqa.selenium.remote.http.AbstractHttpResponseCodec.decode(AbstractHttpResponseCodec.java:44)
	at org.openqa.selenium.remote.HttpCommandExecutor.execute(HttpCommandExecutor.java:158)
	at org.openqa.selenium.remote.service.DriverCommandExecutor.execute(DriverCommandExecutor.java:83)
	at org.openqa.selenium.remote.RemoteWebDriver.execute(RemoteWebDriver.java:548)
	at org.openqa.selenium.remote.RemoteWebElement.execute(RemoteWebElement.java:276)
	at org.openqa.selenium.remote.RemoteWebElement.click(RemoteWebElement.java:83)
	at org.cts.oneframework.utilities.BasePageObject.clickElement(BasePageObject.java:587)
	at org.cts.oneframework.utilities.BasePageObject.clickElement(BasePageObject.java:578)
	at org.cts.oneframework.cucumber.pages.SuiviDesCoutsPage.click_suiviDesCouts_leftPane(SuiviDesCoutsPage.java:95)
	at org.cts.oneframework.cucumber.stepdefinition.SuiviDesCoutsStepDefs.user_clicks_on_suivi_des_couts_in_left_pane(SuiviDesCoutsStepDefs.java:22)
	at ✽.user clicks on suivi des couts in left pane(src/test/resources/features/SuiviDesCouts.feature:53)
... Removed 4 stack frames</div></td></tr></table><p class="totop"><a href="#summary">back to summary</a></p>
<h3 id="m20">org.cts.oneframework.cucumber.testrunners.SmokeSuiteRunner#runScenario</h3><table class="result"><tr class="param"><th>Parameter #1</th><th>Parameter #2</th></tr><tr class="param stripe"><td>&quot;TS_29_TC_37_Verify excel download in Suivi Des Transactions Total pre and post filter in Suivi Des Couts page&quot;</td><td>&quot;Total_Fleet_SuiviDesCouts&quot;</td></tr><tr><th colspan="2">Exception</th></tr><tr><td colspan="2"><div class="stacktrace">org.openqa.selenium.WebDriverException: unknown error: Element &lt;span class=&quot;cell&quot;&gt;...&lt;/span&gt; is not clickable at point (130, 165). Other element would receive the click: &lt;div class=&quot;ui-widget-overlay ui-front&quot; style=&quot;z-index: 10001;&quot;&gt;&lt;/div&gt;
  (Session info: chrome=75.0.3770.90)
  (Driver info: chromedriver=2.44.609538 (b655c5a60b0b544917107a59d4153d4bf78e1b90),platform=Windows NT 10.0.17763 x86_64) (WARNING: The server did not provide any stacktrace information)
Command duration or timeout: 0 milliseconds
Build info: version: &apos;3.13.0&apos;, revision: &apos;2f0d292&apos;, time: &apos;2018-06-25T15:24:21.231Z&apos;
System info: host: &apos;PC339926&apos;, ip: &apos;10.219.66.4&apos;, os.name: &apos;Windows 10&apos;, os.arch: &apos;amd64&apos;, os.version: &apos;10.0&apos;, java.version: &apos;1.8.0_181&apos;
Driver info: org.openqa.selenium.chrome.ChromeDriver
Capabilities {acceptInsecureCerts: false, acceptSslCerts: false, applicationCacheEnabled: false, browserConnectionEnabled: false, browserName: chrome, chrome: {chromedriverVersion: 2.44.609538 (b655c5a60b0b54..., userDataDir: C:\Users\593611\AppData\Loc...}, cssSelectorsEnabled: true, databaseEnabled: false, goog:chromeOptions: {debuggerAddress: localhost:64835}, handlesAlerts: true, hasTouchScreen: false, javascriptEnabled: true, locationContextEnabled: true, mobileEmulationEnabled: false, nativeEvents: true, networkConnectionEnabled: false, pageLoadStrategy: normal, platform: XP, platformName: XP, rotatable: false, setWindowRect: true, takesHeapSnapshot: true, takesScreenshot: true, unexpectedAlertBehaviour: ignore, unhandledPromptBehavior: ignore, version: 75.0.3770.90, webStorageEnabled: true}
Session ID: 168cb2877a39fe2c725f4c7bf7e5a43b
	at org.openqa.selenium.remote.ErrorHandler.createThrowable(ErrorHandler.java:214)
	at org.openqa.selenium.remote.ErrorHandler.throwIfResponseFailed(ErrorHandler.java:166)
	at org.openqa.selenium.remote.http.JsonHttpResponseCodec.reconstructValue(JsonHttpResponseCodec.java:40)
	at org.openqa.selenium.remote.http.AbstractHttpResponseCodec.decode(AbstractHttpResponseCodec.java:80)
	at org.openqa.selenium.remote.http.AbstractHttpResponseCodec.decode(AbstractHttpResponseCodec.java:44)
	at org.openqa.selenium.remote.HttpCommandExecutor.execute(HttpCommandExecutor.java:158)
	at org.openqa.selenium.remote.service.DriverCommandExecutor.execute(DriverCommandExecutor.java:83)
	at org.openqa.selenium.remote.RemoteWebDriver.execute(RemoteWebDriver.java:548)
	at org.openqa.selenium.remote.RemoteWebElement.execute(RemoteWebElement.java:276)
	at org.openqa.selenium.remote.RemoteWebElement.click(RemoteWebElement.java:83)
	at org.cts.oneframework.utilities.BasePageObject.clickElement(BasePageObject.java:587)
	at org.cts.oneframework.utilities.BasePageObject.clickElement(BasePageObject.java:578)
	at org.cts.oneframework.cucumber.pages.SuiviDesCoutsPage.click_suiviDesCouts_leftPane(SuiviDesCoutsPage.java:95)
	at org.cts.oneframework.cucumber.stepdefinition.SuiviDesCoutsStepDefs.user_clicks_on_suivi_des_couts_in_left_pane(SuiviDesCoutsStepDefs.java:22)
	at ✽.user clicks on suivi des couts in left pane(src/test/resources/features/SuiviDesCouts.feature:132)
... Removed 4 stack frames</div></td></tr></table><p class="totop"><a href="#summary">back to summary</a></p>
<h3 id="m21">org.cts.oneframework.cucumber.testrunners.SmokeSuiteRunner#runScenario</h3><table class="result"><tr class="param"><th>Parameter #1</th><th>Parameter #2</th></tr><tr class="param stripe"><td>&quot;TS_10_TC_11_Upload file for existing vehicule&quot;</td><td>&quot;Total_Fleet_TousVosVehicules&quot;</td></tr><tr><th colspan="2">Exception</th></tr><tr><td colspan="2"><div class="stacktrace">org.openqa.selenium.TimeoutException: Expected condition failed: waiting for org.cts.oneframework.utilities.BasePageObject$1@19fbe549 (tried for 200 second(s) with 1000 milliseconds interval)
	at org.openqa.selenium.support.ui.WebDriverWait.timeoutException(WebDriverWait.java:81)
	at org.openqa.selenium.support.ui.FluentWait.until(FluentWait.java:271)
	at org.cts.oneframework.utilities.BasePageObject.getElement(BasePageObject.java:115)
	at org.cts.oneframework.utilities.BasePageObject.clickElement(BasePageObject.java:587)
	at org.cts.oneframework.utilities.BasePageObject.clickElement(BasePageObject.java:578)
	at org.cts.oneframework.cucumber.pages.TousVosVehiculesPage.click_vehicules_Votreparc(TousVosVehiculesPage.java:774)
	at org.cts.oneframework.cucumber.stepdefinition.TousVosVehiculesStepDefs.user_clicks_on_vehicules_in_voter_parc_section(TousVosVehiculesStepDefs.java:17)
	at ✽.user clicks on vehicules in voter parc section(src/test/resources/features/TousVosVehicules.feature:45)
Caused by: org.openqa.selenium.NoSuchElementException: no such element: Unable to locate element: {&quot;method&quot;:&quot;xpath&quot;,&quot;selector&quot;:&quot;//*[contains(@class,&apos;texte vehicle-count multipleVehicle&apos;)]&quot;}
  (Session info: chrome=75.0.3770.90)
  (Driver info: chromedriver=2.44.609538 (b655c5a60b0b544917107a59d4153d4bf78e1b90),platform=Windows NT 10.0.17763 x86_64) (WARNING: The server did not provide any stacktrace information)
Command duration or timeout: 0 milliseconds
For documentation on this error, please visit: http://seleniumhq.org/exceptions/no_such_element.html
Build info: version: &apos;3.13.0&apos;, revision: &apos;2f0d292&apos;, time: &apos;2018-06-25T15:24:21.231Z&apos;
System info: host: &apos;PC339926&apos;, ip: &apos;10.219.66.4&apos;, os.name: &apos;Windows 10&apos;, os.arch: &apos;amd64&apos;, os.version: &apos;10.0&apos;, java.version: &apos;1.8.0_181&apos;
Driver info: org.openqa.selenium.chrome.ChromeDriver
Capabilities {acceptInsecureCerts: false, acceptSslCerts: false, applicationCacheEnabled: false, browserConnectionEnabled: false, browserName: chrome, chrome: {chromedriverVersion: 2.44.609538 (b655c5a60b0b54..., userDataDir: C:\Users\593611\AppData\Loc...}, cssSelectorsEnabled: true, databaseEnabled: false, goog:chromeOptions: {debuggerAddress: localhost:64917}, handlesAlerts: true, hasTouchScreen: false, javascriptEnabled: true, locationContextEnabled: true, mobileEmulationEnabled: false, nativeEvents: true, networkConnectionEnabled: false, pageLoadStrategy: normal, platform: XP, platformName: XP, rotatable: false, setWindowRect: true, takesHeapSnapshot: true, takesScreenshot: true, unexpectedAlertBehaviour: ignore, unhandledPromptBehavior: ignore, version: 75.0.3770.90, webStorageEnabled: true}
Session ID: 33196452b36c64c88b8609868ec79594
*** Element info: {Using=xpath, value=//*[contains(@class,&apos;texte vehicle-count multipleVehicle&apos;)]}
	at org.openqa.selenium.remote.ErrorHandler.createThrowable(ErrorHandler.java:214)
	at org.openqa.selenium.remote.ErrorHandler.throwIfResponseFailed(ErrorHandler.java:166)
	at org.openqa.selenium.remote.http.JsonHttpResponseCodec.reconstructValue(JsonHttpResponseCodec.java:40)
	at org.openqa.selenium.remote.http.AbstractHttpResponseCodec.decode(AbstractHttpResponseCodec.java:80)
	at org.openqa.selenium.remote.http.AbstractHttpResponseCodec.decode(AbstractHttpResponseCodec.java:44)
	at org.openqa.selenium.remote.HttpCommandExecutor.execute(HttpCommandExecutor.java:158)
	at org.openqa.selenium.remote.service.DriverCommandExecutor.execute(DriverCommandExecutor.java:83)
	at org.openqa.selenium.remote.RemoteWebDriver.execute(RemoteWebDriver.java:548)
	at org.openqa.selenium.remote.RemoteWebDriver.findElement(RemoteWebDriver.java:322)
	at org.openqa.selenium.remote.RemoteWebDriver.findElementByXPath(RemoteWebDriver.java:424)
	at org.openqa.selenium.By$ByXPath.findElement(By.java:353)
	at org.openqa.selenium.remote.RemoteWebDriver.findElement(RemoteWebDriver.java:314)
	at org.cts.oneframework.utilities.BasePageObject$1.apply(BasePageObject.java:118)
	at org.cts.oneframework.utilities.BasePageObject$1.apply(BasePageObject.java:1)
	at org.openqa.selenium.support.ui.FluentWait.until(FluentWait.java:248)
	at org.cts.oneframework.utilities.BasePageObject.getElement(BasePageObject.java:115)
	at org.cts.oneframework.utilities.BasePageObject.clickElement(BasePageObject.java:587)
	at org.cts.oneframework.utilities.BasePageObject.clickElement(BasePageObject.java:578)
	at org.cts.oneframework.cucumber.pages.TousVosVehiculesPage.click_vehicules_Votreparc(TousVosVehiculesPage.java:774)
	at org.cts.oneframework.cucumber.stepdefinition.TousVosVehiculesStepDefs.user_clicks_on_vehicules_in_voter_parc_section(TousVosVehiculesStepDefs.java:17)
	at cucumber.runtime.Utils$1.call(Utils.java:26)
	at cucumber.runtime.Timeout.timeout(Timeout.java:16)
	at cucumber.runtime.Utils.invoke(Utils.java:20)
	at cucumber.runtime.java.JavaStepDefinition.execute(JavaStepDefinition.java:49)
	at cucumber.runner.PickleStepDefinitionMatch.runStep(PickleStepDefinitionMatch.java:50)
	at cucumber.runner.TestStep.executeStep(TestStep.java:63)
	at cucumber.runner.TestStep.run(TestStep.java:49)
	at cucumber.runner.PickleStepTestStep.run(PickleStepTestStep.java:43)
	at cucumber.runner.TestCase.run(TestCase.java:44)
	at cucumber.runner.Runner.runPickle(Runner.java:40)
	at cucumber.api.testng.TestNGCucumberRunner.runScenario(TestNGCucumberRunner.java:68)
	at org.cts.oneframework.cucumber.AbstractTestNGCucumberTest.runScenario(AbstractTestNGCucumberTest.java:39)
	at java.util.concurrent.ThreadPoolExecutor.runWorker(ThreadPoolExecutor.java:1149)
	at java.util.concurrent.ThreadPoolExecutor$Worker.run(ThreadPoolExecutor.java:624)
	at java.lang.Thread.run(Thread.java:748)
... Removed 16 stack frames</div></td></tr></table><p class="totop"><a href="#summary">back to summary</a></p>
<h3 id="m22">org.cts.oneframework.cucumber.testrunners.SmokeSuiteRunner#runScenario</h3><table class="result"><tr class="param"><th>Parameter #1</th><th>Parameter #2</th></tr><tr class="param stripe"><td>&quot;TS_26_TC_27_Filter Campaign List With Dates&quot;</td><td>&quot;Total_Fleet_Campagnes&quot;</td></tr><tr><th colspan="2">Exception</th></tr><tr><td colspan="2"><div class="stacktrace">org.openqa.selenium.TimeoutException: Expected condition failed: waiting for org.cts.oneframework.utilities.BasePageObject$1@4f02d72f (tried for 200 second(s) with 1000 milliseconds interval)
	at org.openqa.selenium.support.ui.WebDriverWait.timeoutException(WebDriverWait.java:81)
	at org.openqa.selenium.support.ui.FluentWait.until(FluentWait.java:271)
	at org.cts.oneframework.utilities.BasePageObject.getElement(BasePageObject.java:115)
	at org.cts.oneframework.utilities.BasePageObject.clickElement(BasePageObject.java:587)
	at org.cts.oneframework.utilities.BasePageObject.clickElement(BasePageObject.java:578)
	at org.cts.oneframework.cucumber.pages.CampagnesPage.clickFiltrerLesResultatsInCampagnesListPage(CampagnesPage.java:138)
	at org.cts.oneframework.cucumber.stepdefinition.CampagnesStepDefs.user_clicks_on_filtrer_les_resultats(CampagnesStepDefs.java:52)
	at ✽.user clicks on filtrer les resultats(src/test/resources/features/Campagnes.feature:62)
Caused by: org.openqa.selenium.NoSuchElementException: no such element: Unable to locate element: {&quot;method&quot;:&quot;xpath&quot;,&quot;selector&quot;:&quot;//a[@class=&apos;icon btn-filtres&apos;]&quot;}
  (Session info: chrome=75.0.3770.90)
  (Driver info: chromedriver=2.44.609538 (b655c5a60b0b544917107a59d4153d4bf78e1b90),platform=Windows NT 10.0.17763 x86_64) (WARNING: The server did not provide any stacktrace information)
Command duration or timeout: 0 milliseconds
For documentation on this error, please visit: http://seleniumhq.org/exceptions/no_such_element.html
Build info: version: &apos;3.13.0&apos;, revision: &apos;2f0d292&apos;, time: &apos;2018-06-25T15:24:21.231Z&apos;
System info: host: &apos;PC339926&apos;, ip: &apos;10.219.66.4&apos;, os.name: &apos;Windows 10&apos;, os.arch: &apos;amd64&apos;, os.version: &apos;10.0&apos;, java.version: &apos;1.8.0_181&apos;
Driver info: org.openqa.selenium.chrome.ChromeDriver
Capabilities {acceptInsecureCerts: false, acceptSslCerts: false, applicationCacheEnabled: false, browserConnectionEnabled: false, browserName: chrome, chrome: {chromedriverVersion: 2.44.609538 (b655c5a60b0b54..., userDataDir: C:\Users\593611\AppData\Loc...}, cssSelectorsEnabled: true, databaseEnabled: false, goog:chromeOptions: {debuggerAddress: localhost:63043}, handlesAlerts: true, hasTouchScreen: false, javascriptEnabled: true, locationContextEnabled: true, mobileEmulationEnabled: false, nativeEvents: true, networkConnectionEnabled: false, pageLoadStrategy: normal, platform: XP, platformName: XP, rotatable: false, setWindowRect: true, takesHeapSnapshot: true, takesScreenshot: true, unexpectedAlertBehaviour: ignore, unhandledPromptBehavior: ignore, version: 75.0.3770.90, webStorageEnabled: true}
Session ID: a3966b4a2b37acc6d30395ede240fe1d
*** Element info: {Using=xpath, value=//a[@class=&apos;icon btn-filtres&apos;]}
	at org.openqa.selenium.remote.ErrorHandler.createThrowable(ErrorHandler.java:214)
	at org.openqa.selenium.remote.ErrorHandler.throwIfResponseFailed(ErrorHandler.java:166)
	at org.openqa.selenium.remote.http.JsonHttpResponseCodec.reconstructValue(JsonHttpResponseCodec.java:40)
	at org.openqa.selenium.remote.http.AbstractHttpResponseCodec.decode(AbstractHttpResponseCodec.java:80)
	at org.openqa.selenium.remote.http.AbstractHttpResponseCodec.decode(AbstractHttpResponseCodec.java:44)
	at org.openqa.selenium.remote.HttpCommandExecutor.execute(HttpCommandExecutor.java:158)
	at org.openqa.selenium.remote.service.DriverCommandExecutor.execute(DriverCommandExecutor.java:83)
	at org.openqa.selenium.remote.RemoteWebDriver.execute(RemoteWebDriver.java:548)
	at org.openqa.selenium.remote.RemoteWebDriver.findElement(RemoteWebDriver.java:322)
	at org.openqa.selenium.remote.RemoteWebDriver.findElementByXPath(RemoteWebDriver.java:424)
	at org.openqa.selenium.By$ByXPath.findElement(By.java:353)
	at org.openqa.selenium.remote.RemoteWebDriver.findElement(RemoteWebDriver.java:314)
	at org.cts.oneframework.utilities.BasePageObject$1.apply(BasePageObject.java:118)
	at org.cts.oneframework.utilities.BasePageObject$1.apply(BasePageObject.java:1)
	at org.openqa.selenium.support.ui.FluentWait.until(FluentWait.java:248)
	at org.cts.oneframework.utilities.BasePageObject.getElement(BasePageObject.java:115)
	at org.cts.oneframework.utilities.BasePageObject.clickElement(BasePageObject.java:587)
	at org.cts.oneframework.utilities.BasePageObject.clickElement(BasePageObject.java:578)
	at org.cts.oneframework.cucumber.pages.CampagnesPage.clickFiltrerLesResultatsInCampagnesListPage(CampagnesPage.java:138)
	at org.cts.oneframework.cucumber.stepdefinition.CampagnesStepDefs.user_clicks_on_filtrer_les_resultats(CampagnesStepDefs.java:52)
	at cucumber.runtime.Utils$1.call(Utils.java:26)
	at cucumber.runtime.Timeout.timeout(Timeout.java:16)
	at cucumber.runtime.Utils.invoke(Utils.java:20)
	at cucumber.runtime.java.JavaStepDefinition.execute(JavaStepDefinition.java:49)
	at cucumber.runner.PickleStepDefinitionMatch.runStep(PickleStepDefinitionMatch.java:50)
	at cucumber.runner.TestStep.executeStep(TestStep.java:63)
	at cucumber.runner.TestStep.run(TestStep.java:49)
	at cucumber.runner.PickleStepTestStep.run(PickleStepTestStep.java:43)
	at cucumber.runner.TestCase.run(TestCase.java:44)
	at cucumber.runner.Runner.runPickle(Runner.java:40)
	at cucumber.api.testng.TestNGCucumberRunner.runScenario(TestNGCucumberRunner.java:68)
	at org.cts.oneframework.cucumber.AbstractTestNGCucumberTest.runScenario(AbstractTestNGCucumberTest.java:39)
	at java.util.concurrent.ThreadPoolExecutor.runWorker(ThreadPoolExecutor.java:1149)
	at java.util.concurrent.ThreadPoolExecutor$Worker.run(ThreadPoolExecutor.java:624)
	at java.lang.Thread.run(Thread.java:748)
... Removed 16 stack frames</div></td></tr></table><p class="totop"><a href="#summary">back to summary</a></p>
<h3 id="m23">org.cts.oneframework.cucumber.testrunners.SmokeSuiteRunner#runScenario</h3><table class="result"><tr class="param"><th>Parameter #1</th><th>Parameter #2</th></tr><tr class="param stripe"><td>&quot;TS_25_TC_26_Navigation to Campgnes List Page&quot;</td><td>&quot;Total_Fleet_Campagnes&quot;</td></tr><tr><th colspan="2">Exception</th></tr><tr><td colspan="2"><div class="stacktrace">org.openqa.selenium.WebDriverException: unknown error: Element &lt;span class=&quot;cell&quot;&gt;...&lt;/span&gt; is not clickable at point (130, 564). Other element would receive the click: &lt;div class=&quot;ui-widget-overlay ui-front&quot; style=&quot;z-index: 10001;&quot;&gt;&lt;/div&gt;
  (Session info: chrome=75.0.3770.90)
  (Driver info: chromedriver=2.44.609538 (b655c5a60b0b544917107a59d4153d4bf78e1b90),platform=Windows NT 10.0.17763 x86_64) (WARNING: The server did not provide any stacktrace information)
Command duration or timeout: 0 milliseconds
Build info: version: &apos;3.13.0&apos;, revision: &apos;2f0d292&apos;, time: &apos;2018-06-25T15:24:21.231Z&apos;
System info: host: &apos;PC339926&apos;, ip: &apos;10.219.66.4&apos;, os.name: &apos;Windows 10&apos;, os.arch: &apos;amd64&apos;, os.version: &apos;10.0&apos;, java.version: &apos;1.8.0_181&apos;
Driver info: org.openqa.selenium.chrome.ChromeDriver
Capabilities {acceptInsecureCerts: false, acceptSslCerts: false, applicationCacheEnabled: false, browserConnectionEnabled: false, browserName: chrome, chrome: {chromedriverVersion: 2.44.609538 (b655c5a60b0b54..., userDataDir: C:\Users\593611\AppData\Loc...}, cssSelectorsEnabled: true, databaseEnabled: false, goog:chromeOptions: {debuggerAddress: localhost:63043}, handlesAlerts: true, hasTouchScreen: false, javascriptEnabled: true, locationContextEnabled: true, mobileEmulationEnabled: false, nativeEvents: true, networkConnectionEnabled: false, pageLoadStrategy: normal, platform: XP, platformName: XP, rotatable: false, setWindowRect: true, takesHeapSnapshot: true, takesScreenshot: true, unexpectedAlertBehaviour: ignore, unhandledPromptBehavior: ignore, version: 75.0.3770.90, webStorageEnabled: true}
Session ID: a3966b4a2b37acc6d30395ede240fe1d
	at org.openqa.selenium.remote.ErrorHandler.createThrowable(ErrorHandler.java:214)
	at org.openqa.selenium.remote.ErrorHandler.throwIfResponseFailed(ErrorHandler.java:166)
	at org.openqa.selenium.remote.http.JsonHttpResponseCodec.reconstructValue(JsonHttpResponseCodec.java:40)
	at org.openqa.selenium.remote.http.AbstractHttpResponseCodec.decode(AbstractHttpResponseCodec.java:80)
	at org.openqa.selenium.remote.http.AbstractHttpResponseCodec.decode(AbstractHttpResponseCodec.java:44)
	at org.openqa.selenium.remote.HttpCommandExecutor.execute(HttpCommandExecutor.java:158)
	at org.openqa.selenium.remote.service.DriverCommandExecutor.execute(DriverCommandExecutor.java:83)
	at org.openqa.selenium.remote.RemoteWebDriver.execute(RemoteWebDriver.java:548)
	at org.openqa.selenium.remote.RemoteWebElement.execute(RemoteWebElement.java:276)
	at org.openqa.selenium.remote.RemoteWebElement.click(RemoteWebElement.java:83)
	at org.cts.oneframework.utilities.BasePageObject.clickElement(BasePageObject.java:587)
	at org.cts.oneframework.utilities.BasePageObject.clickElement(BasePageObject.java:578)
	at org.cts.oneframework.cucumber.pages.CampagnesPage.clickCampagnesLinkOnLeftPane(CampagnesPage.java:59)
	at org.cts.oneframework.cucumber.stepdefinition.CampagnesStepDefs.user_clicks_on_campaign_in_left_menu(CampagnesStepDefs.java:20)
	at ✽.user clicks on campaign in left menu(src/test/resources/features/Campagnes.feature:40)
... Removed 4 stack frames</div></td></tr></table><p class="totop"><a href="#summary">back to summary</a></p>
<h3 id="m24">org.cts.oneframework.cucumber.testrunners.SmokeSuiteRunner#runScenario</h3><table class="result"><tr class="param"><th>Parameter #1</th><th>Parameter #2</th></tr><tr class="param stripe"><td>&quot;TS_37_TC_48_To assign a vehicle for contributor with AEN set up&quot;</td><td>&quot;Total_Fleet_TousVosVehicules&quot;</td></tr><tr><th colspan="2">Exception</th></tr><tr><td colspan="2"><div class="stacktrace">org.openqa.selenium.WebDriverException: chrome not reachable
  (Session info: chrome=75.0.3770.90)
  (Driver info: chromedriver=2.44.609538 (b655c5a60b0b544917107a59d4153d4bf78e1b90),platform=Windows NT 10.0.17763 x86_64) (WARNING: The server did not provide any stacktrace information)
Command duration or timeout: 0 milliseconds
Build info: version: &apos;3.13.0&apos;, revision: &apos;2f0d292&apos;, time: &apos;2018-06-25T15:24:21.231Z&apos;
System info: host: &apos;PC339926&apos;, ip: &apos;10.219.66.4&apos;, os.name: &apos;Windows 10&apos;, os.arch: &apos;amd64&apos;, os.version: &apos;10.0&apos;, java.version: &apos;1.8.0_181&apos;
Driver info: org.openqa.selenium.chrome.ChromeDriver
Capabilities {acceptInsecureCerts: false, acceptSslCerts: false, applicationCacheEnabled: false, browserConnectionEnabled: false, browserName: chrome, chrome: {chromedriverVersion: 2.44.609538 (b655c5a60b0b54..., userDataDir: C:\Users\593611\AppData\Loc...}, cssSelectorsEnabled: true, databaseEnabled: false, goog:chromeOptions: {debuggerAddress: localhost:65237}, handlesAlerts: true, hasTouchScreen: false, javascriptEnabled: true, locationContextEnabled: true, mobileEmulationEnabled: false, nativeEvents: true, networkConnectionEnabled: false, pageLoadStrategy: normal, platform: XP, platformName: XP, rotatable: false, setWindowRect: true, takesHeapSnapshot: true, takesScreenshot: true, unexpectedAlertBehaviour: ignore, unhandledPromptBehavior: ignore, version: 75.0.3770.90, webStorageEnabled: true}
Session ID: e423218907a1876552f1f0cf85b427b0
*** Element info: {Using=xpath, value=//*[@id=&apos;selectVehicleSpan&apos;]//*[contains(@role,&apos;combobox&apos;)]}
	at org.openqa.selenium.remote.ErrorHandler.createThrowable(ErrorHandler.java:214)
	at org.openqa.selenium.remote.ErrorHandler.throwIfResponseFailed(ErrorHandler.java:166)
	at org.openqa.selenium.remote.http.JsonHttpResponseCodec.reconstructValue(JsonHttpResponseCodec.java:40)
	at org.openqa.selenium.remote.http.AbstractHttpResponseCodec.decode(AbstractHttpResponseCodec.java:80)
	at org.openqa.selenium.remote.http.AbstractHttpResponseCodec.decode(AbstractHttpResponseCodec.java:44)
	at org.openqa.selenium.remote.HttpCommandExecutor.execute(HttpCommandExecutor.java:158)
	at org.openqa.selenium.remote.service.DriverCommandExecutor.execute(DriverCommandExecutor.java:83)
	at org.openqa.selenium.remote.RemoteWebDriver.execute(RemoteWebDriver.java:548)
	at org.openqa.selenium.remote.RemoteWebDriver.findElement(RemoteWebDriver.java:322)
	at org.openqa.selenium.remote.RemoteWebDriver.findElementByXPath(RemoteWebDriver.java:424)
	at org.openqa.selenium.By$ByXPath.findElement(By.java:353)
	at org.openqa.selenium.remote.RemoteWebDriver.findElement(RemoteWebDriver.java:314)
	at org.cts.oneframework.utilities.BasePageObject$1.apply(BasePageObject.java:118)
	at org.cts.oneframework.utilities.BasePageObject$1.apply(BasePageObject.java:1)
	at org.openqa.selenium.support.ui.FluentWait.until(FluentWait.java:248)
	at org.cts.oneframework.utilities.BasePageObject.getElement(BasePageObject.java:115)
	at org.cts.oneframework.utilities.BasePageObject.clickElement(BasePageObject.java:587)
	at org.cts.oneframework.utilities.BasePageObject.clickElement(BasePageObject.java:578)
	at org.cts.oneframework.cucumber.pages.TousVosVehiculesPage.click_vehiculeIDDropdown_selectionnerunvehiculeexistantPopupCollaborateurDetailedPage(TousVosVehiculesPage.java:196)
	at org.cts.oneframework.cucumber.stepdefinition.TousVosVehiculesStepDefs.user_should_click_suivant_button_by_entering_all_the_mandate_fields_in_selectionner_un_vehicule_existant_tab(TousVosVehiculesStepDefs.java:282)
	at ✽.user should click suivant button by entering all the mandate fields such asEntervehiculeIDinSelectionnerunvehiculeexistantpopup SelectDateInDateDEffetInCollaborateurDetailedPage SelectMonthInDateDEffetInCollaborateurDetailedPage SelectYearInDateDEffetInCollaborateurDetailedPage enterhhDateEtHeureDeffetVehiculeAssignment entermmDateEtHeureDeffetVehiculeAssignmentin selectionner un vehicule existant tab(src/test/resources/features/TousVosVehicules.feature:264)
... Removed 4 stack frames</div></td></tr></table><p class="totop"><a href="#summary">back to summary</a></p>
<h3 id="m25">org.cts.oneframework.cucumber.testrunners.SmokeSuiteRunner#runScenario</h3><table class="result"><tr class="param"><th>Parameter #1</th><th>Parameter #2</th></tr><tr class="param stripe"><td>&quot;TS_29_TC_30_Validate Date De Declenchment Filter in Alertes List Page&quot;</td><td>&quot;Total_Fleet_Factures&quot;</td></tr><tr><th colspan="2">Exception</th></tr><tr><td colspan="2"><div class="stacktrace">org.openqa.selenium.WebDriverException: unknown error: Element &lt;a oncontextmenu=&quot;return false;&quot; class=&quot;open alerts_and_fines &quot; aria-labelledby=&quot;layout_5&quot; href=&quot;https://fleetonline.pprod.uap.total.com/private/guest/alerts-and-fines&quot; aria-haspopup=&quot;true&quot; role=&quot;menuitem&quot;&gt;...&lt;/a&gt; is not clickable at point (110, 222). Other element would receive the click: &lt;div class=&quot;ui-widget-overlay ui-front&quot; style=&quot;z-index: 10001;&quot;&gt;&lt;/div&gt;
  (Session info: chrome=75.0.3770.90)
  (Driver info: chromedriver=2.44.609538 (b655c5a60b0b544917107a59d4153d4bf78e1b90),platform=Windows NT 10.0.17763 x86_64) (WARNING: The server did not provide any stacktrace information)
Command duration or timeout: 0 milliseconds
Build info: version: &apos;3.13.0&apos;, revision: &apos;2f0d292&apos;, time: &apos;2018-06-25T15:24:21.231Z&apos;
System info: host: &apos;PC339926&apos;, ip: &apos;10.219.66.4&apos;, os.name: &apos;Windows 10&apos;, os.arch: &apos;amd64&apos;, os.version: &apos;10.0&apos;, java.version: &apos;1.8.0_181&apos;
Driver info: org.openqa.selenium.chrome.ChromeDriver
Capabilities {acceptInsecureCerts: false, acceptSslCerts: false, applicationCacheEnabled: false, browserConnectionEnabled: false, browserName: chrome, chrome: {chromedriverVersion: 2.44.609538 (b655c5a60b0b54..., userDataDir: C:\Users\593611\AppData\Loc...}, cssSelectorsEnabled: true, databaseEnabled: false, goog:chromeOptions: {debuggerAddress: localhost:65318}, handlesAlerts: true, hasTouchScreen: false, javascriptEnabled: true, locationContextEnabled: true, mobileEmulationEnabled: false, nativeEvents: true, networkConnectionEnabled: false, pageLoadStrategy: normal, platform: XP, platformName: XP, rotatable: false, setWindowRect: true, takesHeapSnapshot: true, takesScreenshot: true, unexpectedAlertBehaviour: ignore, unhandledPromptBehavior: ignore, version: 75.0.3770.90, webStorageEnabled: true}
Session ID: 134505ea789dcb48548c459a1562defb
	at org.openqa.selenium.remote.ErrorHandler.createThrowable(ErrorHandler.java:214)
	at org.openqa.selenium.remote.ErrorHandler.throwIfResponseFailed(ErrorHandler.java:166)
	at org.openqa.selenium.remote.http.JsonHttpResponseCodec.reconstructValue(JsonHttpResponseCodec.java:40)
	at org.openqa.selenium.remote.http.AbstractHttpResponseCodec.decode(AbstractHttpResponseCodec.java:80)
	at org.openqa.selenium.remote.http.AbstractHttpResponseCodec.decode(AbstractHttpResponseCodec.java:44)
	at org.openqa.selenium.remote.HttpCommandExecutor.execute(HttpCommandExecutor.java:158)
	at org.openqa.selenium.remote.service.DriverCommandExecutor.execute(DriverCommandExecutor.java:83)
	at org.openqa.selenium.remote.RemoteWebDriver.execute(RemoteWebDriver.java:548)
	at org.openqa.selenium.remote.RemoteWebElement.execute(RemoteWebElement.java:276)
	at org.openqa.selenium.remote.RemoteWebElement.click(RemoteWebElement.java:83)
	at org.cts.oneframework.utilities.BasePageObject.clickElement(BasePageObject.java:587)
	at org.cts.oneframework.utilities.BasePageObject.clickElement(BasePageObject.java:578)
	at org.cts.oneframework.cucumber.pages.VosAlertesPage.clickImgAlertesDeAmendesInLeftPane(VosAlertesPage.java:55)
	at org.cts.oneframework.cucumber.stepdefinition.VosAlertesStepDefs.vos_alertes_under_alertes_et_amendes_is_clicked_on_left_pane(VosAlertesStepDefs.java:21)
	at ✽.vos alertes under alertes et amendes is clicked on left pane(src/test/resources/features/VosAlertes.feature:55)
... Removed 4 stack frames</div></td></tr></table><p class="totop"><a href="#summary">back to summary</a></p>
<h3 id="m26">org.cts.oneframework.cucumber.testrunners.SmokeSuiteRunner#runScenario</h3><table class="result"><tr class="param"><th>Parameter #1</th><th>Parameter #2</th></tr><tr class="param stripe"><td>&quot;TS_38_TC_49_Manual Invoice Creation with Annuler Flow&quot;</td><td>&quot;Total_Fleet_Factures&quot;</td></tr></table><p class="totop"><a href="#summary">back to summary</a></p>
<h3 id="m27">org.cts.oneframework.cucumber.testrunners.SmokeSuiteRunner#runScenario</h3><table class="result"><tr class="param"><th>Parameter #1</th><th>Parameter #2</th></tr><tr class="param stripe"><td>&quot;TS_01_TC_01_Login_With_Valid_Credentials&quot;</td><td>&quot;Total_Fleet_Campagnes&quot;</td></tr></table><p class="totop"><a href="#summary">back to summary</a></p>
<h3 id="m28">org.cts.oneframework.cucumber.testrunners.SmokeSuiteRunner#runScenario</h3><table class="result"><tr class="param"><th>Parameter #1</th><th>Parameter #2</th></tr><tr class="param stripe"><td>&quot;TS_12_TC_13_Navigation to Contributor List Page&quot;</td><td>&quot;Total_Fleet_Collaborateurs&quot;</td></tr></table><p class="totop"><a href="#summary">back to summary</a></p>
<h3 id="m29">org.cts.oneframework.cucumber.testrunners.SmokeSuiteRunner#runScenario</h3><table class="result"><tr class="param"><th>Parameter #1</th><th>Parameter #2</th></tr><tr class="param stripe"><td>&quot;close browser&quot;</td><td>&quot;Total_Fleet_ContratsFournisseurs&quot;</td></tr></table><p class="totop"><a href="#summary">back to summary</a></p>
<h3 id="m30">org.cts.oneframework.cucumber.testrunners.SmokeSuiteRunner#runScenario</h3><table class="result"><tr class="param"><th>Parameter #1</th><th>Parameter #2</th></tr><tr class="param stripe"><td>&quot;TS_16_TC_17_Navigation to Cartes Detailed Page&quot;</td><td>&quot;Total_Fleet_CartesAndBadges&quot;</td></tr></table><p class="totop"><a href="#summary">back to summary</a></p>
<h3 id="m31">org.cts.oneframework.cucumber.testrunners.SmokeSuiteRunner#runScenario</h3><table class="result"><tr class="param"><th>Parameter #1</th><th>Parameter #2</th></tr><tr class="param stripe"><td>&quot;TS_01_TC_01_Login With Valid Credentials&quot;</td><td>&quot;Total_Fleet_Rapports&quot;</td></tr></table><p class="totop"><a href="#summary">back to summary</a></p>
<h3 id="m32">org.cts.oneframework.cucumber.testrunners.SmokeSuiteRunner#runScenario</h3><table class="result"><tr class="param"><th>Parameter #1</th><th>Parameter #2</th></tr><tr class="param stripe"><td>&quot;TS_01_TC_01_Login_With_Valid_Credentials&quot;</td><td>&quot;Total_Fleet_Fiscalite&quot;</td></tr></table><p class="totop"><a href="#summary">back to summary</a></p>
<h3 id="m33">org.cts.oneframework.cucumber.testrunners.SmokeSuiteRunner#runScenario</h3><table class="result"><tr class="param"><th>Parameter #1</th><th>Parameter #2</th></tr><tr class="param stripe"><td>&quot;TS_01_TC_01_Login_With_Valid_Credentials_Utilisateurs&quot;</td><td>&quot;Total_Fleet_HeaderCompte&quot;</td></tr></table><p class="totop"><a href="#summary">back to summary</a></p>
<h3 id="m34">org.cts.oneframework.cucumber.testrunners.SmokeSuiteRunner#runScenario</h3><table class="result"><tr class="param"><th>Parameter #1</th><th>Parameter #2</th></tr><tr class="param stripe"><td>&quot;TS_21_TS_22_TC_22_TC_23_Navigation to Contrats Fournisseurs List Page as well as Detailed Page&quot;</td><td>&quot;Total_Fleet_ContratsFournisseurs&quot;</td></tr></table><p class="totop"><a href="#summary">back to summary</a></p>
<h3 id="m35">org.cts.oneframework.cucumber.testrunners.SmokeSuiteRunner#runScenario</h3><table class="result"><tr class="param"><th>Parameter #1</th><th>Parameter #2</th></tr><tr class="param stripe"><td>&quot;TS_30_TC_31_verify all the five tabs are loading properly in the fiscalite portlet&quot;</td><td>&quot;Total_Fleet_Fiscalite&quot;</td></tr></table><p class="totop"><a href="#summary">back to summary</a></p>
<h3 id="m36">org.cts.oneframework.cucumber.testrunners.SmokeSuiteRunner#runScenario</h3><table class="result"><tr class="param"><th>Parameter #1</th><th>Parameter #2</th></tr><tr class="param stripe"><td>&quot;TS_01_TC_01_Login_With_Valid_Credentials&quot;</td><td>&quot;Total_Fleet_Accueil&quot;</td></tr></table><p class="totop"><a href="#summary">back to summary</a></p>
<h3 id="m37">org.cts.oneframework.cucumber.testrunners.SmokeSuiteRunner#runScenario</h3><table class="result"><tr class="param"><th>Parameter #1</th><th>Parameter #2</th></tr><tr class="param stripe"><td>&quot;TS_01_TC_01_Login_With_Valid_Credentials&quot;</td><td>&quot;Total_Fleet_TousVosVehicules&quot;</td></tr></table><p class="totop"><a href="#summary">back to summary</a></p>
<h3 id="m38">org.cts.oneframework.cucumber.testrunners.SmokeSuiteRunner#runScenario</h3><table class="result"><tr class="param"><th>Parameter #1</th><th>Parameter #2</th></tr><tr class="param stripe"><td>&quot;close browser&quot;</td><td>&quot;Total_Fleet_AvisDAmendes&quot;</td></tr></table><p class="totop"><a href="#summary">back to summary</a></p>
<h3 id="m39">org.cts.oneframework.cucumber.testrunners.SmokeSuiteRunner#runScenario</h3><table class="result"><tr class="param"><th>Parameter #1</th><th>Parameter #2</th></tr><tr class="param stripe"><td>&quot;TS_35_TC_46_Verify if the user is able to apply date filters in fines list page amendes derniers jours tab&quot;</td><td>&quot;Total_Fleet_AvisDAmendes&quot;</td></tr></table><p class="totop"><a href="#summary">back to summary</a></p>
<h3 id="m40">org.cts.oneframework.cucumber.testrunners.SmokeSuiteRunner#runScenario</h3><table class="result"><tr class="param"><th>Parameter #1</th><th>Parameter #2</th></tr><tr class="param stripe"><td>&quot;close browser&quot;</td><td>&quot;Total_Fleet_Factures&quot;</td></tr></table><p class="totop"><a href="#summary">back to summary</a></p>
<h3 id="m41">org.cts.oneframework.cucumber.testrunners.SmokeSuiteRunner#runScenario</h3><table class="result"><tr class="param"><th>Parameter #1</th><th>Parameter #2</th></tr><tr class="param stripe"><td>&quot;TS_01_TC_01_Login_With_Valid_Credentials&quot;</td><td>&quot;Total_Fleet_TousVosVehicules&quot;</td></tr></table><p class="totop"><a href="#summary">back to summary</a></p>
<h3 id="m42">org.cts.oneframework.cucumber.testrunners.SmokeSuiteRunner#runScenario</h3><table class="result"><tr class="param"><th>Parameter #1</th><th>Parameter #2</th></tr><tr class="param stripe"><td>&quot;TS_01_TC_01_Login_With_Valid_Credentials&quot;</td><td>&quot;Total_Fleet_AvisDAmendes&quot;</td></tr></table><p class="totop"><a href="#summary">back to summary</a></p>
<h3 id="m43">org.cts.oneframework.cucumber.testrunners.SmokeSuiteRunner#runScenario</h3><table class="result"><tr class="param"><th>Parameter #1</th><th>Parameter #2</th></tr><tr class="param stripe"><td>&quot;TS_01_TC_01_Login_With_Valid_Credentials&quot;</td><td>&quot;Total_Fleet_CartesAndBadges&quot;</td></tr></table><p class="totop"><a href="#summary">back to summary</a></p>
<h3 id="m44">org.cts.oneframework.cucumber.testrunners.SmokeSuiteRunner#runScenario</h3><table class="result"><tr class="param"><th>Parameter #1</th><th>Parameter #2</th></tr><tr class="param stripe"><td>&quot;close browser&quot;</td><td>&quot;Total_Fleet_CartesAndBadges&quot;</td></tr></table><p class="totop"><a href="#summary">back to summary</a></p>
<h3 id="m45">org.cts.oneframework.cucumber.testrunners.SmokeSuiteRunner#runScenario</h3><table class="result"><tr class="param"><th>Parameter #1</th><th>Parameter #2</th></tr><tr class="param stripe"><td>&quot;close browser&quot;</td><td>&quot;Total_Fleet_Fiscalite&quot;</td></tr></table><p class="totop"><a href="#summary">back to summary</a></p>
<h3 id="m46">org.cts.oneframework.cucumber.testrunners.SmokeSuiteRunner#runScenario</h3><table class="result"><tr class="param"><th>Parameter #1</th><th>Parameter #2</th></tr><tr class="param stripe"><td>&quot;TS_30_TC_40_Update Personal Mail ID with Annuler Flow&quot;</td><td>&quot;Total_Fleet_HeaderCompte&quot;</td></tr></table><p class="totop"><a href="#summary">back to summary</a></p>
<h3 id="m47">org.cts.oneframework.cucumber.testrunners.SmokeSuiteRunner#runScenario</h3><table class="result"><tr class="param"><th>Parameter #1</th><th>Parameter #2</th></tr><tr class="param stripe"><td>&quot;close browser&quot;</td><td>&quot;Total_Fleet_HeaderCompte&quot;</td></tr></table><p class="totop"><a href="#summary">back to summary</a></p>
<h3 id="m48">org.cts.oneframework.cucumber.testrunners.SmokeSuiteRunner#runScenario</h3><table class="result"><tr class="param"><th>Parameter #1</th><th>Parameter #2</th></tr><tr class="param stripe"><td>&quot;close browser&quot;</td><td>&quot;Total_Fleet_Collaborateurs&quot;</td></tr></table><p class="totop"><a href="#summary">back to summary</a></p>
<h3 id="m49">org.cts.oneframework.cucumber.testrunners.SmokeSuiteRunner#runScenario</h3><table class="result"><tr class="param"><th>Parameter #1</th><th>Parameter #2</th></tr><tr class="param stripe"><td>&quot;close browser&quot;</td><td>&quot;Total_Fleet_AvisDAmendes&quot;</td></tr></table><p class="totop"><a href="#summary">back to summary</a></p>
<h3 id="m50">org.cts.oneframework.cucumber.testrunners.SmokeSuiteRunner#runScenario</h3><table class="result"><tr class="param"><th>Parameter #1</th><th>Parameter #2</th></tr><tr class="param stripe"><td>&quot;close browser&quot;</td><td>&quot;Total_Fleet_AvisDAmendes&quot;</td></tr></table><p class="totop"><a href="#summary">back to summary</a></p>
<h3 id="m51">org.cts.oneframework.cucumber.testrunners.SmokeSuiteRunner#runScenario</h3><table class="result"><tr class="param"><th>Parameter #1</th><th>Parameter #2</th></tr><tr class="param stripe"><td>&quot;TS_03_TC_03_verify home page sections and left menu&quot;</td><td>&quot;Total_Fleet_Accueil&quot;</td></tr></table><p class="totop"><a href="#summary">back to summary</a></p>
<h3 id="m52">org.cts.oneframework.cucumber.testrunners.SmokeSuiteRunner#runScenario</h3><table class="result"><tr class="param"><th>Parameter #1</th><th>Parameter #2</th></tr><tr class="param stripe"><td>&quot;TS_32_TC_43_Creation of Collaborateur with Annuler Flow&quot;</td><td>&quot;Total_Fleet_Collaborateurs&quot;</td></tr></table><p class="totop"><a href="#summary">back to summary</a></p>
<h3 id="m53">org.cts.oneframework.cucumber.testrunners.SmokeSuiteRunner#runScenario</h3><table class="result"><tr class="param"><th>Parameter #1</th><th>Parameter #2</th></tr><tr class="param stripe"><td>&quot;TS_31_TC_41_New Secondary User Creation with Annuler Flow&quot;</td><td>&quot;Total_Fleet_HeaderCompte&quot;</td></tr></table><p class="totop"><a href="#summary">back to summary</a></p>
<h3 id="m54">org.cts.oneframework.cucumber.testrunners.SmokeSuiteRunner#runScenario</h3><table class="result"><tr class="param"><th>Parameter #1</th><th>Parameter #2</th></tr><tr class="param stripe"><td>&quot;close browser&quot;</td><td>&quot;Total_Fleet_Accueil&quot;</td></tr></table><p class="totop"><a href="#summary">back to summary</a></p>
<h3 id="m55">org.cts.oneframework.cucumber.testrunners.SmokeSuiteRunner#runScenario</h3><table class="result"><tr class="param"><th>Parameter #1</th><th>Parameter #2</th></tr><tr class="param stripe"><td>&quot;TS_01_TC_01_Login_With_Valid_Credentials&quot;</td><td>&quot;Total_Fleet_TousVosVehicules&quot;</td></tr></table><p class="totop"><a href="#summary">back to summary</a></p>
<h3 id="m56">org.cts.oneframework.cucumber.testrunners.SmokeSuiteRunner#runScenario</h3><table class="result"><tr class="param"><th>Parameter #1</th><th>Parameter #2</th></tr><tr class="param stripe"><td>&quot;TS_23_TC_24_Navigation to Factures List Page&quot;</td><td>&quot;Total_Fleet_Factures&quot;</td></tr></table><p class="totop"><a href="#summary">back to summary</a></p>
<h3 id="m57">org.cts.oneframework.cucumber.testrunners.SmokeSuiteRunner#runScenario</h3><table class="result"><tr class="param"><th>Parameter #1</th><th>Parameter #2</th></tr><tr class="param stripe"><td>&quot;close browser&quot;</td><td>&quot;Total_Fleet_Factures&quot;</td></tr></table><p class="totop"><a href="#summary">back to summary</a></p>
<h3 id="m58">org.cts.oneframework.cucumber.testrunners.SmokeSuiteRunner#runScenario</h3><table class="result"><tr class="param"><th>Parameter #1</th><th>Parameter #2</th></tr><tr class="param stripe"><td>&quot;TS_36_TC_47_Validation for amende creation page with annuler flow&quot;</td><td>&quot;Total_Fleet_AvisDAmendes&quot;</td></tr></table><p class="totop"><a href="#summary">back to summary</a></p>
<h3 id="m59">org.cts.oneframework.cucumber.testrunners.SmokeSuiteRunner#runScenario</h3><table class="result"><tr class="param"><th>Parameter #1</th><th>Parameter #2</th></tr><tr class="param stripe"><td>&quot;TS_04_TC_04_Search Cartes from Common Rechercher at header of application&quot;</td><td>&quot;Total_Fleet_CartesAndBadges&quot;</td></tr></table><p class="totop"><a href="#summary">back to summary</a></p>
<h3 id="m60">org.cts.oneframework.cucumber.testrunners.SmokeSuiteRunner#runScenario</h3><table class="result"><tr class="param"><th>Parameter #1</th><th>Parameter #2</th></tr><tr class="param stripe"><td>&quot;close browser&quot;</td><td>&quot;Total_Fleet_CartesAndBadges&quot;</td></tr></table><p class="totop"><a href="#summary">back to summary</a></p>
<h3 id="m61">org.cts.oneframework.cucumber.testrunners.SmokeSuiteRunner#runScenario</h3><table class="result"><tr class="param"><th>Parameter #1</th><th>Parameter #2</th></tr><tr class="param stripe"><td>&quot;TS_28_TC_29_Validate Alertes List Page&quot;</td><td>&quot;Total_Fleet_Factures&quot;</td></tr></table><p class="totop"><a href="#summary">back to summary</a></p>
<h3 id="m62">org.cts.oneframework.cucumber.testrunners.SmokeSuiteRunner#runScenario</h3><table class="result"><tr class="param"><th>Parameter #1</th><th>Parameter #2</th></tr><tr class="param stripe"><td>&quot;TS_05_TC_06_verify Votre Parc Section&quot;</td><td>&quot;Total_Fleet_Accueil&quot;</td></tr></table><p class="totop"><a href="#summary">back to summary</a></p>
<h3 id="m63">org.cts.oneframework.cucumber.testrunners.SmokeSuiteRunner#runScenario</h3><table class="result"><tr class="param"><th>Parameter #1</th><th>Parameter #2</th></tr><tr class="param stripe"><td>&quot;close browser&quot;</td><td>&quot;Total_Fleet_TousVosVehicules&quot;</td></tr></table><p class="totop"><a href="#summary">back to summary</a></p>
<h3 id="m64">org.cts.oneframework.cucumber.testrunners.SmokeSuiteRunner#runScenario</h3><table class="result"><tr class="param"><th>Parameter #1</th><th>Parameter #2</th></tr><tr class="param stripe"><td>&quot;TS_01_TC_01_Login With Valid Credentials&quot;</td><td>&quot;Total_Fleet_Rapports&quot;</td></tr></table><p class="totop"><a href="#summary">back to summary</a></p>
<h3 id="m65">org.cts.oneframework.cucumber.testrunners.SmokeSuiteRunner#runScenario</h3><table class="result"><tr class="param"><th>Parameter #1</th><th>Parameter #2</th></tr><tr class="param stripe"><td>&quot;TS_01_TC_01_Login_With_Valid_Credentials&quot;</td><td>&quot;Total_Fleet_SuiviDesCouts&quot;</td></tr></table><p class="totop"><a href="#summary">back to summary</a></p>
<h3 id="m66">org.cts.oneframework.cucumber.testrunners.SmokeSuiteRunner#runScenario</h3><table class="result"><tr class="param"><th>Parameter #1</th><th>Parameter #2</th></tr><tr class="param stripe"><td>&quot;TS_30_TC_31_validation for ticpe and export&quot;</td><td>&quot;Total_Fleet_Fiscalite&quot;</td></tr></table><p class="totop"><a href="#summary">back to summary</a></p>
<h3 id="m67">org.cts.oneframework.cucumber.testrunners.SmokeSuiteRunner#runScenario</h3><table class="result"><tr class="param"><th>Parameter #1</th><th>Parameter #2</th></tr><tr class="param stripe"><td>&quot;TS_01_TC_01_Login_With_Invalid_Credentials&quot;</td><td>&quot;Total_Fleet_Accueil&quot;</td></tr></table><p class="totop"><a href="#summary">back to summary</a></p>
<h3 id="m68">org.cts.oneframework.cucumber.testrunners.SmokeSuiteRunner#runScenario</h3><table class="result"><tr class="param"><th>Parameter #1</th><th>Parameter #2</th></tr><tr class="param stripe"><td>&quot;TS_01_TC_01_Login_With_Valid_Credentials_Factures&quot;</td><td>&quot;Total_Fleet_Factures&quot;</td></tr></table><p class="totop"><a href="#summary">back to summary</a></p>
<h3 id="m69">org.cts.oneframework.cucumber.testrunners.SmokeSuiteRunner#runScenario</h3><table class="result"><tr class="param"><th>Parameter #1</th><th>Parameter #2</th></tr><tr class="param stripe"><td>&quot;TS_01_TC_01_Login_With_Valid_Credentials&quot;</td><td>&quot;Total_Fleet_AvisDAmendes&quot;</td></tr></table><p class="totop"><a href="#summary">back to summary</a></p>
<h3 id="m70">org.cts.oneframework.cucumber.testrunners.SmokeSuiteRunner#runScenario</h3><table class="result"><tr class="param"><th>Parameter #1</th><th>Parameter #2</th></tr><tr class="param stripe"><td>&quot;TS_01_TC_01_Login_With_Valid_Credentials&quot;</td><td>&quot;Total_Fleet_Collaborateurs&quot;</td></tr></table><p class="totop"><a href="#summary">back to summary</a></p>
<h3 id="m71">org.cts.oneframework.cucumber.testrunners.SmokeSuiteRunner#runScenario</h3><table class="result"><tr class="param"><th>Parameter #1</th><th>Parameter #2</th></tr><tr class="param stripe"><td>&quot;TS_01_TC_01_Login_With_Valid_Credentials&quot;</td><td>&quot;Total_Fleet_Collaborateurs&quot;</td></tr></table><p class="totop"><a href="#summary">back to summary</a></p>
<h3 id="m72">org.cts.oneframework.cucumber.testrunners.SmokeSuiteRunner#runScenario</h3><table class="result"><tr class="param"><th>Parameter #1</th><th>Parameter #2</th></tr><tr class="param stripe"><td>&quot;TS_36_TC_47_Navigation to Amende creation page&quot;</td><td>&quot;Total_Fleet_AvisDAmendes&quot;</td></tr></table><p class="totop"><a href="#summary">back to summary</a></p>
<h3 id="m73">org.cts.oneframework.cucumber.testrunners.SmokeSuiteRunner#runScenario</h3><table class="result"><tr class="param"><th>Parameter #1</th><th>Parameter #2</th></tr><tr class="param stripe"><td>&quot;close browser&quot;</td><td>&quot;Total_Fleet_TousVosVehicules&quot;</td></tr></table><p class="totop"><a href="#summary">back to summary</a></p>
<h3 id="m74">org.cts.oneframework.cucumber.testrunners.SmokeSuiteRunner#runScenario</h3><table class="result"><tr class="param"><th>Parameter #1</th><th>Parameter #2</th></tr><tr class="param stripe"><td>&quot;TS_01_TC_01_Login_With_Valid_Credentials&quot;</td><td>&quot;Total_Fleet_CartesAndBadges&quot;</td></tr></table><p class="totop"><a href="#summary">back to summary</a></p>
<h3 id="m75">org.cts.oneframework.cucumber.testrunners.SmokeSuiteRunner#runScenario</h3><table class="result"><tr class="param"><th>Parameter #1</th><th>Parameter #2</th></tr><tr class="param stripe"><td>&quot;TS_01_TC_01_Login_With_Valid_Credentials&quot;</td><td>&quot;Total_Fleet_SuiviDesCouts&quot;</td></tr></table><p class="totop"><a href="#summary">back to summary</a></p>
<h3 id="m76">org.cts.oneframework.cucumber.testrunners.SmokeSuiteRunner#runScenario</h3><table class="result"><tr class="param"><th>Parameter #1</th><th>Parameter #2</th></tr><tr class="param stripe"><td>&quot;TS_14_TC_15_Navigation to Cartes List Page&quot;</td><td>&quot;Total_Fleet_CartesAndBadges&quot;</td></tr></table><p class="totop"><a href="#summary">back to summary</a></p>
<h3 id="m77">org.cts.oneframework.cucumber.testrunners.SmokeSuiteRunner#runScenario</h3><table class="result"><tr class="param"><th>Parameter #1</th><th>Parameter #2</th></tr><tr class="param stripe"><td>&quot;close browser&quot;</td><td>&quot;Total_Fleet_CartesAndBadges&quot;</td></tr></table><p class="totop"><a href="#summary">back to summary</a></p>
<h3 id="m78">org.cts.oneframework.cucumber.testrunners.SmokeSuiteRunner#runScenario</h3><table class="result"><tr class="param"><th>Parameter #1</th><th>Parameter #2</th></tr><tr class="param stripe"><td>&quot;close browser&quot;</td><td>&quot;Total_Fleet_Collaborateurs&quot;</td></tr></table><p class="totop"><a href="#summary">back to summary</a></p>
<h3 id="m79">org.cts.oneframework.cucumber.testrunners.SmokeSuiteRunner#runScenario</h3><table class="result"><tr class="param"><th>Parameter #1</th><th>Parameter #2</th></tr><tr class="param stripe"><td>&quot;close browser&quot;</td><td>&quot;Total_Fleet_Fiscalite&quot;</td></tr></table><p class="totop"><a href="#summary">back to summary</a></p>
<h3 id="m80">org.cts.oneframework.cucumber.testrunners.SmokeSuiteRunner#runScenario</h3><table class="result"><tr class="param"><th>Parameter #1</th><th>Parameter #2</th></tr><tr class="param stripe"><td>&quot;TS_29_TC_36_Verify all the four tabs are loading properly in the Cost tracking portlet&quot;</td><td>&quot;Total_Fleet_SuiviDesCouts&quot;</td></tr></table><p class="totop"><a href="#summary">back to summary</a></p>
<h3 id="m81">org.cts.oneframework.cucumber.testrunners.SmokeSuiteRunner#runScenario</h3><table class="result"><tr class="param"><th>Parameter #1</th><th>Parameter #2</th></tr><tr class="param stripe"><td>&quot;close browser&quot;</td><td>&quot;Total_Fleet_SuiviDesCouts&quot;</td></tr></table><p class="totop"><a href="#summary">back to summary</a></p>
<h3 id="m82">org.cts.oneframework.cucumber.testrunners.SmokeSuiteRunner#runScenario</h3><table class="result"><tr class="param"><th>Parameter #1</th><th>Parameter #2</th></tr><tr class="param stripe"><td>&quot;TS_01_TC_01_Login_With_Valid_Credentials&quot;</td><td>&quot;Total_Fleet_Fiscalite&quot;</td></tr></table><p class="totop"><a href="#summary">back to summary</a></p>
<h3 id="m83">org.cts.oneframework.cucumber.testrunners.SmokeSuiteRunner#runScenario</h3><table class="result"><tr class="param"><th>Parameter #1</th><th>Parameter #2</th></tr><tr class="param stripe"><td>&quot;TS_28_TC_33_Verify if the user is able to view and apply filter and download the Etat Vehicules Parc Complet report&quot;</td><td>&quot;Total_Fleet_Rapports&quot;</td></tr></table><p class="totop"><a href="#summary">back to summary</a></p>
<h3 id="m84">org.cts.oneframework.cucumber.testrunners.SmokeSuiteRunner#runScenario</h3><table class="result"><tr class="param"><th>Parameter #1</th><th>Parameter #2</th></tr><tr class="param stripe"><td>&quot;close browser&quot;</td><td>&quot;Total_Fleet_TousVosVehicules&quot;</td></tr></table><p class="totop"><a href="#summary">back to summary</a></p>
<h3 id="m85">org.cts.oneframework.cucumber.testrunners.SmokeSuiteRunner#runScenario</h3><table class="result"><tr class="param"><th>Parameter #1</th><th>Parameter #2</th></tr><tr class="param stripe"><td>&quot;TS_01_TC_01_Login_With_Valid_Credentials&quot;</td><td>&quot;Total_Fleet_CartesAndBadges&quot;</td></tr></table><p class="totop"><a href="#summary">back to summary</a></p>
<h3 id="m86">org.cts.oneframework.cucumber.testrunners.SmokeSuiteRunner#runScenario</h3><table class="result"><tr class="param"><th>Parameter #1</th><th>Parameter #2</th></tr><tr class="param stripe"><td>&quot;TS_01_TC_01_Login_With_Valid_Credentials&quot;</td><td>&quot;Total_Fleet_Collaborateurs&quot;</td></tr></table><p class="totop"><a href="#summary">back to summary</a></p>
<h3 id="m87">org.cts.oneframework.cucumber.testrunners.SmokeSuiteRunner#runScenario</h3><table class="result"><tr class="param"><th>Parameter #1</th><th>Parameter #2</th></tr><tr class="param stripe"><td>&quot;TS_01_TC_01_Login_With_Valid_Credentials&quot;</td><td>&quot;Total_Fleet_Factures&quot;</td></tr></table><p class="totop"><a href="#summary">back to summary</a></p>
<h3 id="m88">org.cts.oneframework.cucumber.testrunners.SmokeSuiteRunner#runScenario</h3><table class="result"><tr class="param"><th>Parameter #1</th><th>Parameter #2</th></tr><tr class="param stripe"><td>&quot;TS_01_TC_01_Login_With_Valid_Credentials&quot;</td><td>&quot;Total_Fleet_TousVosVehicules&quot;</td></tr></table><p class="totop"><a href="#summary">back to summary</a></p>
<h3 id="m89">org.cts.oneframework.cucumber.testrunners.SmokeSuiteRunner#runScenario</h3><table class="result"><tr class="param"><th>Parameter #1</th><th>Parameter #2</th></tr><tr class="param stripe"><td>&quot;close browser&quot;</td><td>&quot;Total_Fleet_Rapports&quot;</td></tr></table><p class="totop"><a href="#summary">back to summary</a></p>
<h3 id="m90">org.cts.oneframework.cucumber.testrunners.SmokeSuiteRunner#runScenario</h3><table class="result"><tr class="param"><th>Parameter #1</th><th>Parameter #2</th></tr><tr class="param stripe"><td>&quot;TS_01_TC_01_Login_With_Valid_Credentials&quot;</td><td>&quot;Total_Fleet_AvisDAmendes&quot;</td></tr></table><p class="totop"><a href="#summary">back to summary</a></p>
<h3 id="m91">org.cts.oneframework.cucumber.testrunners.SmokeSuiteRunner#runScenario</h3><table class="result"><tr class="param"><th>Parameter #1</th><th>Parameter #2</th></tr><tr class="param stripe"><td>&quot;TS_19_TC_20_Navigation to Badges Detailed Page&quot;</td><td>&quot;Total_Fleet_CartesAndBadges&quot;</td></tr></table><p class="totop"><a href="#summary">back to summary</a></p>
<h3 id="m92">org.cts.oneframework.cucumber.testrunners.SmokeSuiteRunner#runScenario</h3><table class="result"><tr class="param"><th>Parameter #1</th><th>Parameter #2</th></tr><tr class="param stripe"><td>&quot;close browser&quot;</td><td>&quot;Total_Fleet_TousVosVehicules&quot;</td></tr></table><p class="totop"><a href="#summary">back to summary</a></p>
<h3 id="m93">org.cts.oneframework.cucumber.testrunners.SmokeSuiteRunner#runScenario</h3><table class="result"><tr class="param"><th>Parameter #1</th><th>Parameter #2</th></tr><tr class="param stripe"><td>&quot;TS_34_TC_45_Verify if the user is able to view the fine list page&quot;</td><td>&quot;Total_Fleet_AvisDAmendes&quot;</td></tr></table><p class="totop"><a href="#summary">back to summary</a></p>
<h3 id="m94">org.cts.oneframework.cucumber.testrunners.SmokeSuiteRunner#runScenario</h3><table class="result"><tr class="param"><th>Parameter #1</th><th>Parameter #2</th></tr><tr class="param stripe"><td>&quot;TS_18_TC_19_Navigation to Badge List Page&quot;</td><td>&quot;Total_Fleet_CartesAndBadges&quot;</td></tr></table><p class="totop"><a href="#summary">back to summary</a></p>
<h3 id="m95">org.cts.oneframework.cucumber.testrunners.SmokeSuiteRunner#runScenario</h3><table class="result"><tr class="param"><th>Parameter #1</th><th>Parameter #2</th></tr><tr class="param stripe"><td>&quot;TS_06_TC_07_verify Prix Bareme Total section&quot;</td><td>&quot;Total_Fleet_Accueil&quot;</td></tr></table><p class="totop"><a href="#summary">back to summary</a></p>
<h3 id="m96">org.cts.oneframework.cucumber.testrunners.SmokeSuiteRunner#runScenario</h3><table class="result"><tr class="param"><th>Parameter #1</th><th>Parameter #2</th></tr><tr class="param stripe"><td>&quot;TS_31_TC_42_Update Existing Secondary User with Annuler Flow&quot;</td><td>&quot;Total_Fleet_HeaderCompte&quot;</td></tr></table><p class="totop"><a href="#summary">back to summary</a></p>
<h3 id="m97">org.cts.oneframework.cucumber.testrunners.SmokeSuiteRunner#runScenario</h3><table class="result"><tr class="param"><th>Parameter #1</th><th>Parameter #2</th></tr><tr class="param stripe"><td>&quot;close browser&quot;</td><td>&quot;Total_Fleet_Rapports&quot;</td></tr></table><p class="totop"><a href="#summary">back to summary</a></p>
<h3 id="m98">org.cts.oneframework.cucumber.testrunners.SmokeSuiteRunner#runScenario</h3><table class="result"><tr class="param"><th>Parameter #1</th><th>Parameter #2</th></tr><tr class="param stripe"><td>&quot;close browser&quot;</td><td>&quot;Total_Fleet_Collaborateurs&quot;</td></tr></table><p class="totop"><a href="#summary">back to summary</a></p>
<h3 id="m99">org.cts.oneframework.cucumber.testrunners.SmokeSuiteRunner#runScenario</h3><table class="result"><tr class="param"><th>Parameter #1</th><th>Parameter #2</th></tr><tr class="param stripe"><td>&quot;TS_01_TC_01_Login_With_Valid_Credentials&quot;</td><td>&quot;Total_Fleet_ContratsFournisseurs&quot;</td></tr></table><p class="totop"><a href="#summary">back to summary</a></p>
<h3 id="m100">org.cts.oneframework.cucumber.testrunners.SmokeSuiteRunner#runScenario</h3><table class="result"><tr class="param"><th>Parameter #1</th><th>Parameter #2</th></tr><tr class="param stripe"><td>&quot;close browser&quot;</td><td>&quot;Total_Fleet_SuiviDesCouts&quot;</td></tr></table><p class="totop"><a href="#summary">back to summary</a></p>
<h3 id="m101">org.cts.oneframework.cucumber.testrunners.SmokeSuiteRunner#runScenario</h3><table class="result"><tr class="param"><th>Parameter #1</th><th>Parameter #2</th></tr><tr class="param stripe"><td>&quot;close browser&quot;</td><td>&quot;Total_Fleet_Factures&quot;</td></tr></table><p class="totop"><a href="#summary">back to summary</a></p>
<h3 id="m102">org.cts.oneframework.cucumber.testrunners.SmokeSuiteRunner#runScenario</h3><table class="result"><tr class="param"><th>Parameter #1</th><th>Parameter #2</th></tr><tr class="param stripe"><td>&quot;TS_01_TC_01_Login_With_Valid_Credentials_Vos_Alertes&quot;</td><td>&quot;Total_Fleet_Factures&quot;</td></tr></table><p class="totop"><a href="#summary">back to summary</a></p>
<h3 id="m103">org.cts.oneframework.cucumber.testrunners.SmokeSuiteRunner#runScenario</h3><table class="result"><tr class="param"><th>Parameter #1</th><th>Parameter #2</th></tr><tr class="param stripe"><td>&quot;close browser&quot;</td><td>&quot;Total_Fleet_Campagnes&quot;</td></tr></table><p class="totop"><a href="#summary">back to summary</a></p>
<h3 id="m104">org.cts.oneframework.cucumber.testrunners.SmokeSuiteRunner#runScenario</h3><table class="result"><tr class="param"><th>Parameter #1</th><th>Parameter #2</th></tr><tr class="param stripe"><td>&quot;TS_17_TC_18_Verification of Creation De Support page display for Carte&quot;</td><td>&quot;Total_Fleet_CartesAndBadges&quot;</td></tr></table><p class="totop"><a href="#summary">back to summary</a></p>
</body>
</html>
